  [1m[35m (63.4ms)[0m  [1m[35mCREATE DATABASE "Image_uploader_development" ENCODING = 'unicode'[0m
  ↳ bin/rails:9
  [1m[35m (24.0ms)[0m  [1m[35mCREATE DATABASE "Image_uploader_test" ENCODING = 'unicode'[0m
  ↳ bin/rails:9
  [1m[35m (4.5ms)[0m  [1m[35mCREATE TABLE "schema_migrations" ("version" character varying NOT NULL PRIMARY KEY)[0m
  ↳ bin/rails:9
  [1m[35m (2.6ms)[0m  [1m[35mCREATE TABLE "ar_internal_metadata" ("key" character varying NOT NULL PRIMARY KEY, "value" character varying, "created_at" timestamp NOT NULL, "updated_at" timestamp NOT NULL)[0m
  ↳ bin/rails:9
  [1m[35m (0.0ms)[0m  [1m[34mSELECT pg_try_advisory_lock(6894186127156839210)[0m
  ↳ bin/rails:9
  [1m[35m (0.2ms)[0m  [1m[34mSELECT "schema_migrations"."version" FROM "schema_migrations" ORDER BY "schema_migrations"."version" ASC[0m
  ↳ bin/rails:9
Migrating to CreateUsers (20220713115430)
  [1m[35m (0.0ms)[0m  [1m[35mBEGIN[0m
  ↳ bin/rails:9
  [1m[35m (2.3ms)[0m  [1m[35mCREATE TABLE "users" ("id" bigserial primary key, "name" character varying, "address" character varying, "gender" character varying, "profile" character varying, "created_at" timestamp NOT NULL, "updated_at" timestamp NOT NULL)[0m
  ↳ db/migrate/20220713115430_create_users.rb:3
  [1m[36mActiveRecord::SchemaMigration Create (0.2ms)[0m  [1m[32mINSERT INTO "schema_migrations" ("version") VALUES ($1) RETURNING "version"[0m  [["version", "20220713115430"]]
  ↳ bin/rails:9
  [1m[35m (0.4ms)[0m  [1m[35mCOMMIT[0m
  ↳ bin/rails:9
  [1m[36mActiveRecord::InternalMetadata Load (0.1ms)[0m  [1m[34mSELECT  "ar_internal_metadata".* FROM "ar_internal_metadata" WHERE "ar_internal_metadata"."key" = $1 LIMIT $2[0m  [["key", "environment"], ["LIMIT", 1]]
  ↳ bin/rails:9
  [1m[35m (0.1ms)[0m  [1m[35mBEGIN[0m
  ↳ bin/rails:9
  [1m[36mActiveRecord::InternalMetadata Create (0.1ms)[0m  [1m[32mINSERT INTO "ar_internal_metadata" ("key", "value", "created_at", "updated_at") VALUES ($1, $2, $3, $4) RETURNING "key"[0m  [["key", "environment"], ["value", "development"], ["created_at", "2022-07-13 12:05:49.922341"], ["updated_at", "2022-07-13 12:05:49.922341"]]
  ↳ bin/rails:9
  [1m[35m (0.3ms)[0m  [1m[35mCOMMIT[0m
  ↳ bin/rails:9
  [1m[35m (0.1ms)[0m  [1m[34mSELECT pg_advisory_unlock(6894186127156839210)[0m
  ↳ bin/rails:9
  [1m[35m (0.1ms)[0m  [1m[34mSELECT "schema_migrations"."version" FROM "schema_migrations" ORDER BY "schema_migrations"."version" ASC[0m
  ↳ bin/rails:9
Started GET "/" for ::1 at 2022-07-13 18:25:56 +0530
  [1m[35m (0.3ms)[0m  [1m[34mSELECT "schema_migrations"."version" FROM "schema_migrations" ORDER BY "schema_migrations"."version" ASC[0m
  ↳ /home/itsacheckmate/.rvm/gems/ruby-2.7.0/gems/activerecord-5.2.8.1/lib/active_record/log_subscriber.rb:98
Processing by Rails::WelcomeController#index as HTML
  Rendering /home/itsacheckmate/.rvm/gems/ruby-2.7.0/gems/railties-5.2.8.1/lib/rails/templates/rails/welcome/index.html.erb
  Rendered /home/itsacheckmate/.rvm/gems/ruby-2.7.0/gems/railties-5.2.8.1/lib/rails/templates/rails/welcome/index.html.erb (1.4ms)
Completed 200 OK in 5ms (Views: 3.1ms | ActiveRecord: 0.0ms)


Started GET "/" for ::1 at 2022-07-13 18:26:43 +0530
  
SyntaxError (/home/itsacheckmate/Training/rails/rails5/Image_uploader/app/controllers/users_controller.rb:19: syntax error, unexpected end-of-input, expecting `end'):
  
app/controllers/users_controller.rb:19: syntax error, unexpected end-of-input, expecting `end'
Started GET "/" for ::1 at 2022-07-13 18:26:54 +0530
Processing by UsersController#index as HTML
Completed 406 Not Acceptable in 8ms (ActiveRecord: 0.0ms)


  
ActionController::UnknownFormat (UsersController#index is missing a template for this request format and variant.

request.formats: ["text/html"]
request.variant: []

NOTE! For XHR/Ajax or API requests, this action would normally respond with 204 No Content: an empty white screen. Since you're loading it in a web browser, we assume that you expected to actually render a template, not nothing, so we're showing an error to be extra-clear. If you expect 204 No Content, carry on. That's what you'll get from an XHR or API request. Give it a shot.):
  
actionpack (5.2.8.1) lib/action_controller/metal/implicit_render.rb:55:in `default_render'
actionpack (5.2.8.1) lib/action_controller/metal/basic_implicit_render.rb:6:in `block in send_action'
actionpack (5.2.8.1) lib/action_controller/metal/basic_implicit_render.rb:6:in `tap'
actionpack (5.2.8.1) lib/action_controller/metal/basic_implicit_render.rb:6:in `send_action'
actionpack (5.2.8.1) lib/abstract_controller/base.rb:194:in `process_action'
actionpack (5.2.8.1) lib/action_controller/metal/rendering.rb:30:in `process_action'
actionpack (5.2.8.1) lib/abstract_controller/callbacks.rb:42:in `block in process_action'
activesupport (5.2.8.1) lib/active_support/callbacks.rb:132:in `run_callbacks'
actionpack (5.2.8.1) lib/abstract_controller/callbacks.rb:41:in `process_action'
actionpack (5.2.8.1) lib/action_controller/metal/rescue.rb:22:in `process_action'
actionpack (5.2.8.1) lib/action_controller/metal/instrumentation.rb:34:in `block in process_action'
activesupport (5.2.8.1) lib/active_support/notifications.rb:168:in `block in instrument'
activesupport (5.2.8.1) lib/active_support/notifications/instrumenter.rb:23:in `instrument'
activesupport (5.2.8.1) lib/active_support/notifications.rb:168:in `instrument'
actionpack (5.2.8.1) lib/action_controller/metal/instrumentation.rb:32:in `process_action'
actionpack (5.2.8.1) lib/action_controller/metal/params_wrapper.rb:256:in `process_action'
activerecord (5.2.8.1) lib/active_record/railties/controller_runtime.rb:24:in `process_action'
actionpack (5.2.8.1) lib/abstract_controller/base.rb:134:in `process'
actionview (5.2.8.1) lib/action_view/rendering.rb:32:in `process'
actionpack (5.2.8.1) lib/action_controller/metal.rb:191:in `dispatch'
actionpack (5.2.8.1) lib/action_controller/metal.rb:252:in `dispatch'
actionpack (5.2.8.1) lib/action_dispatch/routing/route_set.rb:52:in `dispatch'
actionpack (5.2.8.1) lib/action_dispatch/routing/route_set.rb:34:in `serve'
actionpack (5.2.8.1) lib/action_dispatch/journey/router.rb:52:in `block in serve'
actionpack (5.2.8.1) lib/action_dispatch/journey/router.rb:35:in `each'
actionpack (5.2.8.1) lib/action_dispatch/journey/router.rb:35:in `serve'
actionpack (5.2.8.1) lib/action_dispatch/routing/route_set.rb:840:in `call'
rack (2.2.4) lib/rack/tempfile_reaper.rb:15:in `call'
rack (2.2.4) lib/rack/etag.rb:27:in `call'
rack (2.2.4) lib/rack/conditional_get.rb:27:in `call'
rack (2.2.4) lib/rack/head.rb:12:in `call'
actionpack (5.2.8.1) lib/action_dispatch/http/content_security_policy.rb:18:in `call'
rack (2.2.4) lib/rack/session/abstract/id.rb:266:in `context'
rack (2.2.4) lib/rack/session/abstract/id.rb:260:in `call'
actionpack (5.2.8.1) lib/action_dispatch/middleware/cookies.rb:670:in `call'
activerecord (5.2.8.1) lib/active_record/migration.rb:559:in `call'
actionpack (5.2.8.1) lib/action_dispatch/middleware/callbacks.rb:28:in `block in call'
activesupport (5.2.8.1) lib/active_support/callbacks.rb:98:in `run_callbacks'
actionpack (5.2.8.1) lib/action_dispatch/middleware/callbacks.rb:26:in `call'
actionpack (5.2.8.1) lib/action_dispatch/middleware/executor.rb:14:in `call'
actionpack (5.2.8.1) lib/action_dispatch/middleware/debug_exceptions.rb:61:in `call'
web-console (3.7.0) lib/web_console/middleware.rb:135:in `call_app'
web-console (3.7.0) lib/web_console/middleware.rb:30:in `block in call'
web-console (3.7.0) lib/web_console/middleware.rb:20:in `catch'
web-console (3.7.0) lib/web_console/middleware.rb:20:in `call'
actionpack (5.2.8.1) lib/action_dispatch/middleware/show_exceptions.rb:33:in `call'
railties (5.2.8.1) lib/rails/rack/logger.rb:38:in `call_app'
railties (5.2.8.1) lib/rails/rack/logger.rb:26:in `block in call'
activesupport (5.2.8.1) lib/active_support/tagged_logging.rb:71:in `block in tagged'
activesupport (5.2.8.1) lib/active_support/tagged_logging.rb:28:in `tagged'
activesupport (5.2.8.1) lib/active_support/tagged_logging.rb:71:in `tagged'
railties (5.2.8.1) lib/rails/rack/logger.rb:26:in `call'
sprockets-rails (3.4.2) lib/sprockets/rails/quiet_assets.rb:13:in `call'
actionpack (5.2.8.1) lib/action_dispatch/middleware/remote_ip.rb:81:in `call'
actionpack (5.2.8.1) lib/action_dispatch/middleware/request_id.rb:27:in `call'
rack (2.2.4) lib/rack/method_override.rb:24:in `call'
rack (2.2.4) lib/rack/runtime.rb:22:in `call'
activesupport (5.2.8.1) lib/active_support/cache/strategy/local_cache_middleware.rb:29:in `call'
actionpack (5.2.8.1) lib/action_dispatch/middleware/executor.rb:14:in `call'
actionpack (5.2.8.1) lib/action_dispatch/middleware/static.rb:127:in `call'
rack (2.2.4) lib/rack/sendfile.rb:110:in `call'
railties (5.2.8.1) lib/rails/engine.rb:524:in `call'
puma (3.12.6) lib/puma/configuration.rb:227:in `call'
puma (3.12.6) lib/puma/server.rb:706:in `handle_request'
puma (3.12.6) lib/puma/server.rb:476:in `process_client'
puma (3.12.6) lib/puma/server.rb:334:in `block in run'
puma (3.12.6) lib/puma/thread_pool.rb:135:in `block in spawn_thread'
Started GET "/" for ::1 at 2022-07-13 18:28:30 +0530
Processing by UsersController#index as HTML
  Rendering users/index.html.erb within layouts/application
  Rendered users/index.html.erb within layouts/application (0.2ms)
Completed 200 OK in 238ms (Views: 237.4ms | ActiveRecord: 0.0ms)


Started GET "/users/signup" for ::1 at 2022-07-13 18:31:25 +0530
Processing by UsersController#signup as HTML
Completed 400 Bad Request in 1ms (ActiveRecord: 0.0ms)


  
ActionController::ParameterMissing (param is missing or the value is empty: user):
  
app/controllers/users_controller.rb:18:in `user_params'
app/controllers/users_controller.rb:7:in `signup'
Started GET "/users?page=1" for ::1 at 2022-07-13 18:31:35 +0530
  
ActionController::RoutingError (No route matches [GET] "/users"):
  
actionpack (5.2.8.1) lib/action_dispatch/middleware/debug_exceptions.rb:65:in `call'
web-console (3.7.0) lib/web_console/middleware.rb:135:in `call_app'
web-console (3.7.0) lib/web_console/middleware.rb:30:in `block in call'
web-console (3.7.0) lib/web_console/middleware.rb:20:in `catch'
web-console (3.7.0) lib/web_console/middleware.rb:20:in `call'
actionpack (5.2.8.1) lib/action_dispatch/middleware/show_exceptions.rb:33:in `call'
railties (5.2.8.1) lib/rails/rack/logger.rb:38:in `call_app'
railties (5.2.8.1) lib/rails/rack/logger.rb:26:in `block in call'
activesupport (5.2.8.1) lib/active_support/tagged_logging.rb:71:in `block in tagged'
activesupport (5.2.8.1) lib/active_support/tagged_logging.rb:28:in `tagged'
activesupport (5.2.8.1) lib/active_support/tagged_logging.rb:71:in `tagged'
railties (5.2.8.1) lib/rails/rack/logger.rb:26:in `call'
sprockets-rails (3.4.2) lib/sprockets/rails/quiet_assets.rb:13:in `call'
actionpack (5.2.8.1) lib/action_dispatch/middleware/remote_ip.rb:81:in `call'
actionpack (5.2.8.1) lib/action_dispatch/middleware/request_id.rb:27:in `call'
rack (2.2.4) lib/rack/method_override.rb:24:in `call'
rack (2.2.4) lib/rack/runtime.rb:22:in `call'
activesupport (5.2.8.1) lib/active_support/cache/strategy/local_cache_middleware.rb:29:in `call'
actionpack (5.2.8.1) lib/action_dispatch/middleware/executor.rb:14:in `call'
actionpack (5.2.8.1) lib/action_dispatch/middleware/static.rb:127:in `call'
rack (2.2.4) lib/rack/sendfile.rb:110:in `call'
railties (5.2.8.1) lib/rails/engine.rb:524:in `call'
puma (3.12.6) lib/puma/configuration.rb:227:in `call'
puma (3.12.6) lib/puma/server.rb:706:in `handle_request'
puma (3.12.6) lib/puma/server.rb:476:in `process_client'
puma (3.12.6) lib/puma/server.rb:334:in `block in run'
puma (3.12.6) lib/puma/thread_pool.rb:135:in `block in spawn_thread'
Started GET "/users?page=1" for ::1 at 2022-07-13 18:31:38 +0530
  
ActionController::RoutingError (No route matches [GET] "/users"):
  
actionpack (5.2.8.1) lib/action_dispatch/middleware/debug_exceptions.rb:65:in `call'
web-console (3.7.0) lib/web_console/middleware.rb:135:in `call_app'
web-console (3.7.0) lib/web_console/middleware.rb:30:in `block in call'
web-console (3.7.0) lib/web_console/middleware.rb:20:in `catch'
web-console (3.7.0) lib/web_console/middleware.rb:20:in `call'
actionpack (5.2.8.1) lib/action_dispatch/middleware/show_exceptions.rb:33:in `call'
railties (5.2.8.1) lib/rails/rack/logger.rb:38:in `call_app'
railties (5.2.8.1) lib/rails/rack/logger.rb:26:in `block in call'
activesupport (5.2.8.1) lib/active_support/tagged_logging.rb:71:in `block in tagged'
activesupport (5.2.8.1) lib/active_support/tagged_logging.rb:28:in `tagged'
activesupport (5.2.8.1) lib/active_support/tagged_logging.rb:71:in `tagged'
railties (5.2.8.1) lib/rails/rack/logger.rb:26:in `call'
sprockets-rails (3.4.2) lib/sprockets/rails/quiet_assets.rb:13:in `call'
actionpack (5.2.8.1) lib/action_dispatch/middleware/remote_ip.rb:81:in `call'
actionpack (5.2.8.1) lib/action_dispatch/middleware/request_id.rb:27:in `call'
rack (2.2.4) lib/rack/method_override.rb:24:in `call'
rack (2.2.4) lib/rack/runtime.rb:22:in `call'
activesupport (5.2.8.1) lib/active_support/cache/strategy/local_cache_middleware.rb:29:in `call'
actionpack (5.2.8.1) lib/action_dispatch/middleware/executor.rb:14:in `call'
actionpack (5.2.8.1) lib/action_dispatch/middleware/static.rb:127:in `call'
rack (2.2.4) lib/rack/sendfile.rb:110:in `call'
railties (5.2.8.1) lib/rails/engine.rb:524:in `call'
puma (3.12.6) lib/puma/configuration.rb:227:in `call'
puma (3.12.6) lib/puma/server.rb:706:in `handle_request'
puma (3.12.6) lib/puma/server.rb:476:in `process_client'
puma (3.12.6) lib/puma/server.rb:334:in `block in run'
puma (3.12.6) lib/puma/thread_pool.rb:135:in `block in spawn_thread'
Started GET "/" for ::1 at 2022-07-13 18:53:41 +0530
Processing by UsersController#index as HTML
  Rendering users/index.html.erb within layouts/application
  [1m[36mUser Load (0.1ms)[0m  [1m[34mSELECT  "users".* FROM "users" LIMIT $1[0m  [["LIMIT", 11]]
  ↳ /home/itsacheckmate/.rvm/gems/ruby-2.7.0/gems/activerecord-5.2.8.1/lib/active_record/log_subscriber.rb:98
  [1m[36mCACHE User Load (0.0ms)[0m  [1m[34mSELECT  "users".* FROM "users" LIMIT $1[0m  [["LIMIT", 11]]
  ↳ /home/itsacheckmate/.rvm/gems/ruby-2.7.0/gems/activerecord-5.2.8.1/lib/active_record/log_subscriber.rb:98
  [1m[36mCACHE User Load (0.0ms)[0m  [1m[34mSELECT  "users".* FROM "users" LIMIT $1[0m  [["LIMIT", 11]]
  ↳ /home/itsacheckmate/.rvm/gems/ruby-2.7.0/gems/activerecord-5.2.8.1/lib/active_record/log_subscriber.rb:98
  [1m[36mCACHE User Load (0.0ms)[0m  [1m[34mSELECT  "users".* FROM "users" LIMIT $1[0m  [["LIMIT", 11]]
  ↳ /home/itsacheckmate/.rvm/gems/ruby-2.7.0/gems/activerecord-5.2.8.1/lib/active_record/log_subscriber.rb:98
  [1m[36mCACHE User Load (0.0ms)[0m  [1m[34mSELECT  "users".* FROM "users" LIMIT $1[0m  [["LIMIT", 11]]
  ↳ /home/itsacheckmate/.rvm/gems/ruby-2.7.0/gems/activerecord-5.2.8.1/lib/active_record/log_subscriber.rb:98
  [1m[36mCACHE User Load (0.0ms)[0m  [1m[34mSELECT  "users".* FROM "users" LIMIT $1[0m  [["LIMIT", 11]]
  ↳ /home/itsacheckmate/.rvm/gems/ruby-2.7.0/gems/activerecord-5.2.8.1/lib/active_record/log_subscriber.rb:98
  [1m[36mCACHE User Load (0.0ms)[0m  [1m[34mSELECT  "users".* FROM "users" LIMIT $1[0m  [["LIMIT", 11]]
  ↳ /home/itsacheckmate/.rvm/gems/ruby-2.7.0/gems/activerecord-5.2.8.1/lib/active_record/log_subscriber.rb:98
  [1m[36mCACHE User Load (0.0ms)[0m  [1m[34mSELECT  "users".* FROM "users" LIMIT $1[0m  [["LIMIT", 11]]
  ↳ /home/itsacheckmate/.rvm/gems/ruby-2.7.0/gems/activerecord-5.2.8.1/lib/active_record/log_subscriber.rb:98
  Rendered users/index.html.erb within layouts/application (77.7ms)
Completed 500 Internal Server Error in 79ms (ActiveRecord: 1.5ms)


  
ActionView::Template::Error (undefined local variable or method `new_user_path' for #<#<Class:0x00007fae78067858>:0x00007fae78065f08>):
    1: <div class="user_index">
    2:   <%= link_to("Add New User", new_user_path, :class => 'action_new') %>  
    3:   <div class="user_show">
    4:     <table class="listing" summary="User list">
    5:       <tr class="header">
  
app/views/users/index.html.erb:2:in `_app_views_users_index_html_erb__2626982348884595097_22500'
Started GET "/" for ::1 at 2022-07-13 18:56:05 +0530
Processing by UsersController#index as HTML
  Rendering users/index.html.erb within layouts/application
  [1m[36mUser Load (0.3ms)[0m  [1m[34mSELECT "users".* FROM "users"[0m
  ↳ app/views/users/index.html.erb:11
  Rendered users/index.html.erb within layouts/application (1.8ms)
Completed 200 OK in 14ms (Views: 11.9ms | ActiveRecord: 0.8ms)


Started GET "/users/sign_up" for ::1 at 2022-07-13 18:56:07 +0530
Processing by UsersController#sign_up as HTML
  Rendering users/sign_up.html.erb within layouts/application
  Rendered users/sign_up.html.erb within layouts/application (0.2ms)
Completed 200 OK in 28ms (Views: 13.6ms | ActiveRecord: 4.0ms)


Started GET "/" for ::1 at 2022-07-13 19:14:06 +0530
Processing by UsersController#index as HTML
  Rendering users/index.html.erb within layouts/application
  [1m[36mUser Load (0.3ms)[0m  [1m[34mSELECT "users".* FROM "users"[0m
  ↳ app/views/users/index.html.erb:11
  Rendered users/index.html.erb within layouts/application (1.1ms)
Completed 200 OK in 13ms (Views: 12.4ms | ActiveRecord: 0.3ms)


Started GET "/users/sign_up" for ::1 at 2022-07-13 19:14:07 +0530
Processing by UsersController#sign_up as HTML
  Rendering users/sign_up.html.erb within layouts/application
  Rendered users/sign_up.html.erb within layouts/application (53.9ms)
Completed 500 Internal Server Error in 56ms (ActiveRecord: 0.0ms)


  
ActionView::Template::Error (undefined method `users_path' for #<#<Class:0x00007fae749d80d0>:0x00007fae804b5f10>
Did you mean?  users_sign_up_path):
    1: <div class="user_new">
    2:   <h2>Create user</h2>
    3:   <% form_for(@user) do |f| %>
    4:   <tr>
    5:     <th>Name</th>
    6:     <td><%= f.text_field(:name) %></td>
  
app/views/users/sign_up.html.erb:3:in `_app_views_users_sign_up_html_erb__946657205838680093_24900'
Started GET "/" for ::1 at 2022-07-13 19:14:40 +0530
Processing by UsersController#index as HTML
  Rendering users/index.html.erb within layouts/application
  [1m[36mUser Load (0.2ms)[0m  [1m[34mSELECT "users".* FROM "users"[0m
  ↳ app/views/users/index.html.erb:11
  Rendered users/index.html.erb within layouts/application (0.9ms)
Completed 200 OK in 8ms (Views: 6.9ms | ActiveRecord: 0.2ms)


Started GET "/users/sign_up" for ::1 at 2022-07-13 19:14:41 +0530
Processing by UsersController#sign_up as HTML
  Rendering users/sign_up.html.erb within layouts/application
  Rendered users/sign_up.html.erb within layouts/application (39.6ms)
Completed 500 Internal Server Error in 43ms (ActiveRecord: 0.0ms)


  
ActionView::Template::Error (undefined method `users_path' for #<#<Class:0x00007fae749d80d0>:0x00007fae745e8088>
Did you mean?  users_sign_up_path):
    1: <div class="user_new">
    2:   <h2>Create user</h2>
    3:   <% form_for(@user) do |f| %>
    4:   <tr>
    5:     <th>Name</th>
    6:     <td><%= f.text_field(:name) %></td>
  
app/views/users/sign_up.html.erb:3:in `_app_views_users_sign_up_html_erb__946657205838680093_25540'
Started GET "/users/sign_up" for ::1 at 2022-07-13 19:15:47 +0530
Processing by UsersController#sign_up as HTML
  Rendering users/sign_up.html.erb within layouts/application
  Rendered users/sign_up.html.erb within layouts/application (1.2ms)
Completed 500 Internal Server Error in 5ms (ActiveRecord: 0.0ms)


  
SyntaxError (/home/itsacheckmate/Training/rails/rails5/Image_uploader/app/views/users/sign_up.html.erb:3: syntax error, unexpected ',', expecting `end'
'.freeze;   form_for(@user), url: users_create_path do |f...
                           ^
):
  
app/views/users/sign_up.html.erb:3: syntax error, unexpected ',', expecting `end'
Started POST "/__web_console/repl_sessions/b6d2f52256c89fe7a9cf8fecab1f2341/trace" for ::1 at 2022-07-13 19:16:06 +0530
Started GET "/users/sign_up" for ::1 at 2022-07-13 19:16:08 +0530
Processing by UsersController#sign_up as HTML
  Rendering users/sign_up.html.erb within layouts/application
  Rendered users/sign_up.html.erb within layouts/application (1.0ms)
Completed 500 Internal Server Error in 2ms (ActiveRecord: 0.0ms)


  
SyntaxError (/home/itsacheckmate/Training/rails/rails5/Image_uploader/app/views/users/sign_up.html.erb:3: syntax error, unexpected ',', expecting `end'
'.freeze;   form_for(@user), url: users_create_path do |f...
                           ^
):
  
app/views/users/sign_up.html.erb:3: syntax error, unexpected ',', expecting `end'
Started GET "/users/sign_up" for ::1 at 2022-07-13 19:17:10 +0530
Processing by UsersController#sign_up as HTML
  Rendering users/sign_up.html.erb within layouts/application
  Rendered users/sign_up.html.erb within layouts/application (1.2ms)
Completed 500 Internal Server Error in 5ms (ActiveRecord: 0.0ms)


  
SyntaxError (/home/itsacheckmate/Training/rails/rails5/Image_uploader/app/views/users/sign_up.html.erb:3: syntax error, unexpected ',', expecting `end'
'.freeze;   form_for(@user), url: users_create_path do |f...
                           ^
):
  
app/views/users/sign_up.html.erb:3: syntax error, unexpected ',', expecting `end'
Started GET "/users/sign_up" for ::1 at 2022-07-13 19:18:08 +0530
Processing by UsersController#sign_up as HTML
  Rendering users/sign_up.html.erb within layouts/application
  Rendered users/sign_up.html.erb within layouts/application (65.4ms)
Completed 500 Internal Server Error in 67ms (ActiveRecord: 0.0ms)


  
ActionView::Template::Error (undefined local variable or method `f' for #<#<Class:0x00007fae749d80d0>:0x00007fae7568b598>):
    3:   <% form_with model:@user, url: users_create_path do |form| %>
    4:   <tr>
    5:     <th>Name</th>
    6:     <td><%= f.text_field(:name) %></td>
    7:   </tr>
    8:   <tr>
    9:     <th>Gender</th>
  
app/views/users/sign_up.html.erb:6:in `block in _app_views_users_sign_up_html_erb__946657205838680093_27640'
app/views/users/sign_up.html.erb:3:in `_app_views_users_sign_up_html_erb__946657205838680093_27640'
Started GET "/users/sign_up" for ::1 at 2022-07-13 19:18:16 +0530
Processing by UsersController#sign_up as HTML
  Rendering users/sign_up.html.erb within layouts/application
  Rendered users/sign_up.html.erb within layouts/application (2.4ms)
Completed 200 OK in 13ms (Views: 12.0ms | ActiveRecord: 0.0ms)


Started GET "/users/sign_up" for ::1 at 2022-07-13 19:19:49 +0530
Processing by UsersController#sign_up as HTML
  Rendering users/sign_up.html.erb within layouts/application
  Rendered users/sign_up.html.erb within layouts/application (6.6ms)
Completed 200 OK in 14ms (Views: 13.2ms | ActiveRecord: 0.0ms)


Started GET "/users/sign_up" for ::1 at 2022-07-13 19:20:09 +0530
Processing by UsersController#sign_up as HTML
  Rendering users/sign_up.html.erb within layouts/application
  Rendered users/sign_up.html.erb within layouts/application (1.1ms)
Completed 200 OK in 9ms (Views: 8.0ms | ActiveRecord: 0.0ms)


Started GET "/users/sign_up" for ::1 at 2022-07-13 19:20:09 +0530
Processing by UsersController#sign_up as HTML
  Rendering users/sign_up.html.erb within layouts/application
  Rendered users/sign_up.html.erb within layouts/application (2.2ms)
Completed 200 OK in 19ms (Views: 18.0ms | ActiveRecord: 0.0ms)


Started GET "/users/sign_up" for ::1 at 2022-07-13 19:20:10 +0530
Processing by UsersController#sign_up as HTML
  Rendering users/sign_up.html.erb within layouts/application
  Rendered users/sign_up.html.erb within layouts/application (0.7ms)
Completed 200 OK in 11ms (Views: 10.5ms | ActiveRecord: 0.0ms)


Started GET "/users/sign_up" for ::1 at 2022-07-13 19:20:43 +0530
Processing by UsersController#sign_up as HTML
  Rendering users/sign_up.html.erb within layouts/application
  Rendered users/sign_up.html.erb within layouts/application (1.8ms)
Completed 200 OK in 11ms (Views: 9.8ms | ActiveRecord: 0.0ms)


Started GET "/users/sign_up" for ::1 at 2022-07-13 19:21:09 +0530
Processing by UsersController#sign_up as HTML
  Rendering users/sign_up.html.erb within layouts/application
  Rendered users/sign_up.html.erb within layouts/application (63.4ms)
Completed 500 Internal Server Error in 65ms (ActiveRecord: 0.0ms)


  
ActionView::Template::Error (undefined local variable or method `f' for #<#<Class:0x00007fae749d80d0>:0x00007fae75699788>):
     6:   <% form.text_field :name , class: "form-control" %>
     7:   </div>
     8:   <div class="form_buttons">
     9:   <%= f.submit("Create User") %>
    10: </div>
    11: 
    12: </div>
  
app/views/users/sign_up.html.erb:9:in `block in _app_views_users_sign_up_html_erb__946657205838680093_28680'
app/views/users/sign_up.html.erb:3:in `_app_views_users_sign_up_html_erb__946657205838680093_28680'
Started GET "/users/sign_up" for ::1 at 2022-07-13 19:21:17 +0530
Processing by UsersController#sign_up as HTML
  Rendering users/sign_up.html.erb within layouts/application
  Rendered users/sign_up.html.erb within layouts/application (2.2ms)
Completed 200 OK in 15ms (Views: 13.2ms | ActiveRecord: 0.0ms)


Started GET "/" for ::1 at 2022-07-13 19:21:21 +0530
Processing by UsersController#index as HTML
  Rendering users/index.html.erb within layouts/application
  [1m[36mUser Load (0.2ms)[0m  [1m[34mSELECT "users".* FROM "users"[0m
  ↳ app/views/users/index.html.erb:11
  Rendered users/index.html.erb within layouts/application (1.2ms)
Completed 200 OK in 10ms (Views: 8.9ms | ActiveRecord: 0.2ms)


Started GET "/users/sign_up" for ::1 at 2022-07-13 19:21:22 +0530
Processing by UsersController#sign_up as HTML
  Rendering users/sign_up.html.erb within layouts/application
  Rendered users/sign_up.html.erb within layouts/application (0.8ms)
Completed 200 OK in 10ms (Views: 8.7ms | ActiveRecord: 0.0ms)


Started GET "/users/sign_up" for ::1 at 2022-07-13 19:21:51 +0530
Processing by UsersController#sign_up as HTML
  Rendering users/sign_up.html.erb within layouts/application
  Rendered users/sign_up.html.erb within layouts/application (2.6ms)
Completed 200 OK in 20ms (Views: 19.0ms | ActiveRecord: 0.0ms)


Started GET "/users/sign_up" for ::1 at 2022-07-13 19:21:52 +0530
Processing by UsersController#sign_up as HTML
  Rendering users/sign_up.html.erb within layouts/application
  Rendered users/sign_up.html.erb within layouts/application (0.9ms)
Completed 200 OK in 8ms (Views: 7.4ms | ActiveRecord: 0.0ms)


Started GET "/users/sign_up" for ::1 at 2022-07-13 19:23:00 +0530
Processing by UsersController#sign_up as HTML
  Rendering users/sign_up.html.erb within layouts/application
  Rendered users/sign_up.html.erb within layouts/application (1.5ms)
Completed 200 OK in 10ms (Views: 9.5ms | ActiveRecord: 0.0ms)


Started POST "/users/create" for ::1 at 2022-07-13 19:23:15 +0530
Processing by UsersController#create as JS
  Parameters: {"utf8"=>"✓", "authenticity_token"=>"4tAYMfoncR+opwCLpTCNoKfxMog3ftsa+9BzdBDw0VfjCatfFB3OUaWOBhsAxMFu0xdGtwp0gVClqjREvoE6IQ==", "user"=>{"name"=>"Sam", "gender"=>"Male", "address"=>"USA", "profile"=>""}, "commit"=>"Sign Up"}
  [1m[35m (0.1ms)[0m  [1m[35mBEGIN[0m
  ↳ app/controllers/users_controller.rb:12
  [1m[36mUser Create (0.4ms)[0m  [1m[32mINSERT INTO "users" ("name", "address", "gender", "profile", "created_at", "updated_at") VALUES ($1, $2, $3, $4, $5, $6) RETURNING "id"[0m  [["name", "Sam"], ["address", "USA"], ["gender", "Male"], ["profile", ""], ["created_at", "2022-07-13 13:53:15.079149"], ["updated_at", "2022-07-13 13:53:15.079149"]]
  ↳ app/controllers/users_controller.rb:12
  [1m[35m (0.6ms)[0m  [1m[35mCOMMIT[0m
  ↳ app/controllers/users_controller.rb:12
Redirected to http://localhost:3000/
Completed 200 OK in 3ms (ActiveRecord: 1.1ms)


Started GET "/" for ::1 at 2022-07-13 19:23:15 +0530
Processing by UsersController#index as HTML
  Rendering users/index.html.erb within layouts/application
  [1m[36mUser Load (0.3ms)[0m  [1m[34mSELECT "users".* FROM "users"[0m
  ↳ app/views/users/index.html.erb:11
  Rendered users/index.html.erb within layouts/application (4.4ms)
Completed 200 OK in 13ms (Views: 12.1ms | ActiveRecord: 0.3ms)


Started GET "/users/sign_up" for ::1 at 2022-07-13 20:00:40 +0530
Processing by UsersController#sign_up as HTML
  Rendering users/sign_up.html.erb within layouts/application
  Rendered users/sign_up.html.erb within layouts/application (1.2ms)
Completed 200 OK in 8ms (Views: 7.1ms | ActiveRecord: 0.0ms)


