Started GET "/" for 127.0.0.1 at 2022-06-29 15:18:52 +0530
  
ActiveRecord::NoDatabaseError (We could not find your database: scheduled_tweets_development. Which can be found in the database configuration file located at config/database.yml.

To resolve this issue:

- Did you create the database for this app, or delete it? You may need to create your database.
- Has the database name changed? Check your database.yml config has the correct database name.

To create your database, run:

        bin/rails db:create
):
  
activerecord (7.0.3) lib/active_record/connection_adapters/postgresql_adapter.rb:81:in `rescue in new_client'
activerecord (7.0.3) lib/active_record/connection_adapters/postgresql_adapter.rb:77:in `new_client'
activerecord (7.0.3) lib/active_record/connection_adapters/postgresql_adapter.rb:37:in `postgresql_connection'
activerecord (7.0.3) lib/active_record/connection_adapters/abstract/connection_pool.rb:656:in `public_send'
activerecord (7.0.3) lib/active_record/connection_adapters/abstract/connection_pool.rb:656:in `new_connection'
activerecord (7.0.3) lib/active_record/connection_adapters/abstract/connection_pool.rb:700:in `checkout_new_connection'
activerecord (7.0.3) lib/active_record/connection_adapters/abstract/connection_pool.rb:679:in `try_to_checkout_new_connection'
activerecord (7.0.3) lib/active_record/connection_adapters/abstract/connection_pool.rb:640:in `acquire_connection'
activerecord (7.0.3) lib/active_record/connection_adapters/abstract/connection_pool.rb:341:in `checkout'
activerecord (7.0.3) lib/active_record/connection_adapters/abstract/connection_pool.rb:181:in `connection'
activerecord (7.0.3) lib/active_record/connection_adapters/abstract/connection_handler.rb:211:in `retrieve_connection'
activerecord (7.0.3) lib/active_record/connection_handling.rb:313:in `retrieve_connection'
activerecord (7.0.3) lib/active_record/connection_handling.rb:280:in `connection'
activerecord (7.0.3) lib/active_record/migration.rb:613:in `connection'
activerecord (7.0.3) lib/active_record/migration.rb:608:in `build_watcher'
activerecord (7.0.3) lib/active_record/migration.rb:590:in `block in call'
activerecord (7.0.3) lib/active_record/migration.rb:589:in `synchronize'
activerecord (7.0.3) lib/active_record/migration.rb:589:in `call'
actionpack (7.0.3) lib/action_dispatch/middleware/callbacks.rb:27:in `block in call'
activesupport (7.0.3) lib/active_support/callbacks.rb:99:in `run_callbacks'
actionpack (7.0.3) lib/action_dispatch/middleware/callbacks.rb:26:in `call'
actionpack (7.0.3) lib/action_dispatch/middleware/executor.rb:14:in `call'
actionpack (7.0.3) lib/action_dispatch/middleware/actionable_exceptions.rb:17:in `call'
actionpack (7.0.3) lib/action_dispatch/middleware/debug_exceptions.rb:28:in `call'
web-console (4.2.0) lib/web_console/middleware.rb:132:in `call_app'
web-console (4.2.0) lib/web_console/middleware.rb:28:in `block in call'
web-console (4.2.0) lib/web_console/middleware.rb:17:in `catch'
web-console (4.2.0) lib/web_console/middleware.rb:17:in `call'
actionpack (7.0.3) lib/action_dispatch/middleware/show_exceptions.rb:26:in `call'
railties (7.0.3) lib/rails/rack/logger.rb:40:in `call_app'
railties (7.0.3) lib/rails/rack/logger.rb:25:in `block in call'
activesupport (7.0.3) lib/active_support/tagged_logging.rb:114:in `block in tagged'
activesupport (7.0.3) lib/active_support/tagged_logging.rb:38:in `tagged'
activesupport (7.0.3) lib/active_support/tagged_logging.rb:114:in `tagged'
railties (7.0.3) lib/rails/rack/logger.rb:25:in `call'
sprockets-rails (3.4.2) lib/sprockets/rails/quiet_assets.rb:13:in `call'
actionpack (7.0.3) lib/action_dispatch/middleware/remote_ip.rb:93:in `call'
actionpack (7.0.3) lib/action_dispatch/middleware/request_id.rb:26:in `call'
rack (2.2.3.1) lib/rack/method_override.rb:24:in `call'
rack (2.2.3.1) lib/rack/runtime.rb:22:in `call'
activesupport (7.0.3) lib/active_support/cache/strategy/local_cache_middleware.rb:29:in `call'
actionpack (7.0.3) lib/action_dispatch/middleware/server_timing.rb:20:in `call'
actionpack (7.0.3) lib/action_dispatch/middleware/executor.rb:14:in `call'
actionpack (7.0.3) lib/action_dispatch/middleware/static.rb:23:in `call'
rack (2.2.3.1) lib/rack/sendfile.rb:110:in `call'
actionpack (7.0.3) lib/action_dispatch/middleware/host_authorization.rb:137:in `call'
railties (7.0.3) lib/rails/engine.rb:530:in `call'
puma (5.6.4) lib/puma/configuration.rb:252:in `call'
puma (5.6.4) lib/puma/request.rb:77:in `block in handle_request'
puma (5.6.4) lib/puma/thread_pool.rb:340:in `with_force_shutdown'
puma (5.6.4) lib/puma/request.rb:76:in `handle_request'
puma (5.6.4) lib/puma/server.rb:441:in `process_client'
puma (5.6.4) lib/puma/thread_pool.rb:147:in `block in spawn_thread'
  [1m[35m (57.8ms)[0m  [1m[35mCREATE DATABASE "scheduled_tweets_development" ENCODING = 'unicode'[0m
  [1m[35m (24.2ms)[0m  [1m[35mCREATE DATABASE "scheduled_tweets_test" ENCODING = 'unicode'[0m
Started GET "/" for 127.0.0.1 at 2022-06-29 15:20:08 +0530
Processing by Rails::WelcomeController#index as HTML
  Rendering /home/itsacheckmate/.rvm/gems/ruby-3.0.0/gems/railties-7.0.3/lib/rails/templates/rails/welcome/index.html.erb
  Rendered /home/itsacheckmate/.rvm/gems/ruby-3.0.0/gems/railties-7.0.3/lib/rails/templates/rails/welcome/index.html.erb (Duration: 0.8ms | Allocations: 636)
Completed 200 OK in 6ms (Views: 2.0ms | ActiveRecord: 0.0ms | Allocations: 6140)


Started GET "/" for 127.0.0.1 at 2022-06-29 15:20:08 +0530
Processing by Rails::WelcomeController#index as HTML
  Rendering /home/itsacheckmate/.rvm/gems/ruby-3.0.0/gems/railties-7.0.3/lib/rails/templates/rails/welcome/index.html.erb
  Rendered /home/itsacheckmate/.rvm/gems/ruby-3.0.0/gems/railties-7.0.3/lib/rails/templates/rails/welcome/index.html.erb (Duration: 0.5ms | Allocations: 368)
Completed 200 OK in 2ms (Views: 1.3ms | ActiveRecord: 0.0ms | Allocations: 1231)


Started GET "/" for 127.0.0.1 at 2022-06-29 15:20:48 +0530
Processing by Rails::WelcomeController#index as HTML
  Rendering /home/itsacheckmate/.rvm/gems/ruby-3.0.0/gems/railties-7.0.3/lib/rails/templates/rails/welcome/index.html.erb
  Rendered /home/itsacheckmate/.rvm/gems/ruby-3.0.0/gems/railties-7.0.3/lib/rails/templates/rails/welcome/index.html.erb (Duration: 0.1ms | Allocations: 24)
Completed 200 OK in 1ms (Views: 0.6ms | ActiveRecord: 0.0ms | Allocations: 299)


Started GET "/" for 127.0.0.1 at 2022-06-29 15:20:50 +0530
Processing by Rails::WelcomeController#index as HTML
  Rendering /home/itsacheckmate/.rvm/gems/ruby-3.0.0/gems/railties-7.0.3/lib/rails/templates/rails/welcome/index.html.erb
  Rendered /home/itsacheckmate/.rvm/gems/ruby-3.0.0/gems/railties-7.0.3/lib/rails/templates/rails/welcome/index.html.erb (Duration: 0.1ms | Allocations: 24)
Completed 200 OK in 1ms (Views: 0.3ms | ActiveRecord: 0.0ms | Allocations: 296)


Started GET "/" for 127.0.0.1 at 2022-06-29 15:20:51 +0530
Processing by Rails::WelcomeController#index as HTML
  Rendering /home/itsacheckmate/.rvm/gems/ruby-3.0.0/gems/railties-7.0.3/lib/rails/templates/rails/welcome/index.html.erb
  Rendered /home/itsacheckmate/.rvm/gems/ruby-3.0.0/gems/railties-7.0.3/lib/rails/templates/rails/welcome/index.html.erb (Duration: 0.1ms | Allocations: 23)
Completed 200 OK in 1ms (Views: 0.3ms | ActiveRecord: 0.0ms | Allocations: 291)


Started GET "/" for 127.0.0.1 at 2022-06-29 15:20:51 +0530
Processing by Rails::WelcomeController#index as HTML
  Rendering /home/itsacheckmate/.rvm/gems/ruby-3.0.0/gems/railties-7.0.3/lib/rails/templates/rails/welcome/index.html.erb
  Rendered /home/itsacheckmate/.rvm/gems/ruby-3.0.0/gems/railties-7.0.3/lib/rails/templates/rails/welcome/index.html.erb (Duration: 0.0ms | Allocations: 24)
Completed 200 OK in 0ms (Views: 0.3ms | ActiveRecord: 0.0ms | Allocations: 296)


Started GET "/" for 127.0.0.1 at 2022-06-29 15:20:52 +0530
Processing by Rails::WelcomeController#index as HTML
  Rendering /home/itsacheckmate/.rvm/gems/ruby-3.0.0/gems/railties-7.0.3/lib/rails/templates/rails/welcome/index.html.erb
  Rendered /home/itsacheckmate/.rvm/gems/ruby-3.0.0/gems/railties-7.0.3/lib/rails/templates/rails/welcome/index.html.erb (Duration: 0.1ms | Allocations: 24)
Completed 200 OK in 1ms (Views: 0.3ms | ActiveRecord: 0.0ms | Allocations: 296)


Started GET "/" for 127.0.0.1 at 2022-06-29 15:20:52 +0530
Processing by Rails::WelcomeController#index as HTML
  Rendering /home/itsacheckmate/.rvm/gems/ruby-3.0.0/gems/railties-7.0.3/lib/rails/templates/rails/welcome/index.html.erb
  Rendered /home/itsacheckmate/.rvm/gems/ruby-3.0.0/gems/railties-7.0.3/lib/rails/templates/rails/welcome/index.html.erb (Duration: 0.0ms | Allocations: 23)
Completed 200 OK in 0ms (Views: 0.3ms | ActiveRecord: 0.0ms | Allocations: 291)


Started GET "/" for 127.0.0.1 at 2022-06-29 15:20:52 +0530
Processing by Rails::WelcomeController#index as HTML
  Rendering /home/itsacheckmate/.rvm/gems/ruby-3.0.0/gems/railties-7.0.3/lib/rails/templates/rails/welcome/index.html.erb
  Rendered /home/itsacheckmate/.rvm/gems/ruby-3.0.0/gems/railties-7.0.3/lib/rails/templates/rails/welcome/index.html.erb (Duration: 0.0ms | Allocations: 23)
Completed 200 OK in 0ms (Views: 0.3ms | ActiveRecord: 0.0ms | Allocations: 291)


Started GET "/" for 127.0.0.1 at 2022-06-29 15:20:52 +0530
Processing by Rails::WelcomeController#index as HTML
  Rendering /home/itsacheckmate/.rvm/gems/ruby-3.0.0/gems/railties-7.0.3/lib/rails/templates/rails/welcome/index.html.erb
  Rendered /home/itsacheckmate/.rvm/gems/ruby-3.0.0/gems/railties-7.0.3/lib/rails/templates/rails/welcome/index.html.erb (Duration: 0.1ms | Allocations: 23)
Completed 200 OK in 1ms (Views: 0.3ms | ActiveRecord: 0.0ms | Allocations: 291)


Started GET "/" for 127.0.0.1 at 2022-06-29 15:20:52 +0530
Processing by Rails::WelcomeController#index as HTML
  Rendering /home/itsacheckmate/.rvm/gems/ruby-3.0.0/gems/railties-7.0.3/lib/rails/templates/rails/welcome/index.html.erb
  Rendered /home/itsacheckmate/.rvm/gems/ruby-3.0.0/gems/railties-7.0.3/lib/rails/templates/rails/welcome/index.html.erb (Duration: 0.1ms | Allocations: 23)
Completed 200 OK in 0ms (Views: 0.3ms | ActiveRecord: 0.0ms | Allocations: 291)


Started GET "/" for 127.0.0.1 at 2022-06-29 15:20:53 +0530
Processing by Rails::WelcomeController#index as HTML
  Rendering /home/itsacheckmate/.rvm/gems/ruby-3.0.0/gems/railties-7.0.3/lib/rails/templates/rails/welcome/index.html.erb
  Rendered /home/itsacheckmate/.rvm/gems/ruby-3.0.0/gems/railties-7.0.3/lib/rails/templates/rails/welcome/index.html.erb (Duration: 0.1ms | Allocations: 23)
Completed 200 OK in 0ms (Views: 0.3ms | ActiveRecord: 0.0ms | Allocations: 291)


Started GET "/" for 127.0.0.1 at 2022-06-29 15:24:44 +0530
Processing by Rails::WelcomeController#index as HTML
  Rendering /home/itsacheckmate/.rvm/gems/ruby-3.0.0/gems/railties-7.0.3/lib/rails/templates/rails/welcome/index.html.erb
  Rendered /home/itsacheckmate/.rvm/gems/ruby-3.0.0/gems/railties-7.0.3/lib/rails/templates/rails/welcome/index.html.erb (Duration: 0.1ms | Allocations: 23)
Completed 200 OK in 1ms (Views: 0.6ms | ActiveRecord: 0.0ms | Allocations: 291)


Started GET "/" for 127.0.0.1 at 2022-06-29 15:24:55 +0530
Processing by Rails::WelcomeController#index as HTML
  Rendering /home/itsacheckmate/.rvm/gems/ruby-3.0.0/gems/railties-7.0.3/lib/rails/templates/rails/welcome/index.html.erb
  Rendered /home/itsacheckmate/.rvm/gems/ruby-3.0.0/gems/railties-7.0.3/lib/rails/templates/rails/welcome/index.html.erb (Duration: 0.0ms | Allocations: 23)
Completed 200 OK in 0ms (Views: 0.3ms | ActiveRecord: 0.0ms | Allocations: 291)


Started GET "/" for 127.0.0.1 at 2022-06-29 16:17:54 +0530
Processing by Rails::WelcomeController#index as HTML
  Rendering /home/itsacheckmate/.rvm/gems/ruby-3.0.0/gems/railties-7.0.3/lib/rails/templates/rails/welcome/index.html.erb
  Rendered /home/itsacheckmate/.rvm/gems/ruby-3.0.0/gems/railties-7.0.3/lib/rails/templates/rails/welcome/index.html.erb (Duration: 0.7ms | Allocations: 636)
Completed 200 OK in 4ms (Views: 1.9ms | ActiveRecord: 0.0ms | Allocations: 5734)


Started GET "/" for 127.0.0.1 at 2022-06-29 16:18:01 +0530
Processing by Rails::WelcomeController#index as HTML
  Rendering /home/itsacheckmate/.rvm/gems/ruby-3.0.0/gems/railties-7.0.3/lib/rails/templates/rails/welcome/index.html.erb
  Rendered /home/itsacheckmate/.rvm/gems/ruby-3.0.0/gems/railties-7.0.3/lib/rails/templates/rails/welcome/index.html.erb (Duration: 0.5ms | Allocations: 369)
Completed 200 OK in 2ms (Views: 1.3ms | ActiveRecord: 0.0ms | Allocations: 1240)


Started GET "/" for 127.0.0.1 at 2022-06-29 16:18:20 +0530
Processing by Rails::WelcomeController#index as HTML
  Rendering /home/itsacheckmate/.rvm/gems/ruby-3.0.0/gems/railties-7.0.3/lib/rails/templates/rails/welcome/index.html.erb
  Rendered /home/itsacheckmate/.rvm/gems/ruby-3.0.0/gems/railties-7.0.3/lib/rails/templates/rails/welcome/index.html.erb (Duration: 0.1ms | Allocations: 24)
Completed 200 OK in 1ms (Views: 0.3ms | ActiveRecord: 0.0ms | Allocations: 297)


Started GET "/" for 127.0.0.1 at 2022-06-29 16:18:28 +0530
Processing by Rails::WelcomeController#index as HTML
  Rendering /home/itsacheckmate/.rvm/gems/ruby-3.0.0/gems/railties-7.0.3/lib/rails/templates/rails/welcome/index.html.erb
  Rendered /home/itsacheckmate/.rvm/gems/ruby-3.0.0/gems/railties-7.0.3/lib/rails/templates/rails/welcome/index.html.erb (Duration: 0.1ms | Allocations: 24)
Completed 200 OK in 1ms (Views: 0.3ms | ActiveRecord: 0.0ms | Allocations: 295)


Started GET "/" for 127.0.0.1 at 2022-06-29 16:18:28 +0530
Processing by Rails::WelcomeController#index as HTML
  Rendering /home/itsacheckmate/.rvm/gems/ruby-3.0.0/gems/railties-7.0.3/lib/rails/templates/rails/welcome/index.html.erb
  Rendered /home/itsacheckmate/.rvm/gems/ruby-3.0.0/gems/railties-7.0.3/lib/rails/templates/rails/welcome/index.html.erb (Duration: 0.1ms | Allocations: 23)
Completed 200 OK in 1ms (Views: 0.7ms | ActiveRecord: 0.0ms | Allocations: 291)


Started GET "/" for 127.0.0.1 at 2022-06-29 16:18:28 +0530
Processing by Rails::WelcomeController#index as HTML
  Rendering /home/itsacheckmate/.rvm/gems/ruby-3.0.0/gems/railties-7.0.3/lib/rails/templates/rails/welcome/index.html.erb
  Rendered /home/itsacheckmate/.rvm/gems/ruby-3.0.0/gems/railties-7.0.3/lib/rails/templates/rails/welcome/index.html.erb (Duration: 0.1ms | Allocations: 23)
Completed 200 OK in 1ms (Views: 0.3ms | ActiveRecord: 0.0ms | Allocations: 291)


Started GET "/" for 127.0.0.1 at 2022-06-29 16:18:28 +0530
Processing by Rails::WelcomeController#index as HTML
  Rendering /home/itsacheckmate/.rvm/gems/ruby-3.0.0/gems/railties-7.0.3/lib/rails/templates/rails/welcome/index.html.erb
  Rendered /home/itsacheckmate/.rvm/gems/ruby-3.0.0/gems/railties-7.0.3/lib/rails/templates/rails/welcome/index.html.erb (Duration: 0.1ms | Allocations: 23)
Completed 200 OK in 1ms (Views: 0.3ms | ActiveRecord: 0.0ms | Allocations: 291)


Started GET "/" for 127.0.0.1 at 2022-06-29 16:18:28 +0530
Processing by Rails::WelcomeController#index as HTML
  Rendering /home/itsacheckmate/.rvm/gems/ruby-3.0.0/gems/railties-7.0.3/lib/rails/templates/rails/welcome/index.html.erb
  Rendered /home/itsacheckmate/.rvm/gems/ruby-3.0.0/gems/railties-7.0.3/lib/rails/templates/rails/welcome/index.html.erb (Duration: 0.2ms | Allocations: 23)
Completed 200 OK in 2ms (Views: 0.9ms | ActiveRecord: 0.0ms | Allocations: 291)


Started GET "/" for 127.0.0.1 at 2022-06-29 16:18:29 +0530
Processing by Rails::WelcomeController#index as HTML
  Rendering /home/itsacheckmate/.rvm/gems/ruby-3.0.0/gems/railties-7.0.3/lib/rails/templates/rails/welcome/index.html.erb
  Rendered /home/itsacheckmate/.rvm/gems/ruby-3.0.0/gems/railties-7.0.3/lib/rails/templates/rails/welcome/index.html.erb (Duration: 0.0ms | Allocations: 23)
Completed 200 OK in 0ms (Views: 0.3ms | ActiveRecord: 0.0ms | Allocations: 291)


Started GET "/" for 127.0.0.1 at 2022-06-29 16:18:29 +0530
Processing by Rails::WelcomeController#index as HTML
  Rendering /home/itsacheckmate/.rvm/gems/ruby-3.0.0/gems/railties-7.0.3/lib/rails/templates/rails/welcome/index.html.erb
  Rendered /home/itsacheckmate/.rvm/gems/ruby-3.0.0/gems/railties-7.0.3/lib/rails/templates/rails/welcome/index.html.erb (Duration: 0.1ms | Allocations: 24)
Completed 200 OK in 1ms (Views: 0.3ms | ActiveRecord: 0.0ms | Allocations: 296)


Started GET "/" for 127.0.0.1 at 2022-06-29 16:18:29 +0530
Processing by Rails::WelcomeController#index as HTML
  Rendering /home/itsacheckmate/.rvm/gems/ruby-3.0.0/gems/railties-7.0.3/lib/rails/templates/rails/welcome/index.html.erb
  Rendered /home/itsacheckmate/.rvm/gems/ruby-3.0.0/gems/railties-7.0.3/lib/rails/templates/rails/welcome/index.html.erb (Duration: 0.2ms | Allocations: 23)
Completed 200 OK in 1ms (Views: 0.8ms | ActiveRecord: 0.0ms | Allocations: 291)


Started GET "/" for 127.0.0.1 at 2022-06-29 16:18:29 +0530
Processing by Rails::WelcomeController#index as HTML
  Rendering /home/itsacheckmate/.rvm/gems/ruby-3.0.0/gems/railties-7.0.3/lib/rails/templates/rails/welcome/index.html.erb
  Rendered /home/itsacheckmate/.rvm/gems/ruby-3.0.0/gems/railties-7.0.3/lib/rails/templates/rails/welcome/index.html.erb (Duration: 0.1ms | Allocations: 23)
Completed 200 OK in 0ms (Views: 0.3ms | ActiveRecord: 0.0ms | Allocations: 291)


Started GET "/" for 127.0.0.1 at 2022-06-29 16:19:58 +0530
Processing by Rails::WelcomeController#index as HTML
  Rendering /home/itsacheckmate/.rvm/gems/ruby-3.0.0/gems/railties-7.0.3/lib/rails/templates/rails/welcome/index.html.erb
  Rendered /home/itsacheckmate/.rvm/gems/ruby-3.0.0/gems/railties-7.0.3/lib/rails/templates/rails/welcome/index.html.erb (Duration: 0.4ms | Allocations: 368)
Completed 200 OK in 1ms (Views: 1.0ms | ActiveRecord: 0.0ms | Allocations: 1231)


Started GET "/" for 127.0.0.1 at 2022-06-29 16:19:59 +0530
Processing by Rails::WelcomeController#index as HTML
  Rendering /home/itsacheckmate/.rvm/gems/ruby-3.0.0/gems/railties-7.0.3/lib/rails/templates/rails/welcome/index.html.erb
  Rendered /home/itsacheckmate/.rvm/gems/ruby-3.0.0/gems/railties-7.0.3/lib/rails/templates/rails/welcome/index.html.erb (Duration: 0.0ms | Allocations: 23)
Completed 200 OK in 0ms (Views: 0.3ms | ActiveRecord: 0.0ms | Allocations: 292)


Started GET "/" for 127.0.0.1 at 2022-06-29 16:20:00 +0530
Processing by Rails::WelcomeController#index as HTML
  Rendering /home/itsacheckmate/.rvm/gems/ruby-3.0.0/gems/railties-7.0.3/lib/rails/templates/rails/welcome/index.html.erb
  Rendered /home/itsacheckmate/.rvm/gems/ruby-3.0.0/gems/railties-7.0.3/lib/rails/templates/rails/welcome/index.html.erb (Duration: 0.1ms | Allocations: 23)
Completed 200 OK in 1ms (Views: 0.3ms | ActiveRecord: 0.0ms | Allocations: 291)


Started GET "/" for 127.0.0.1 at 2022-06-29 16:20:00 +0530
Processing by Rails::WelcomeController#index as HTML
  Rendering /home/itsacheckmate/.rvm/gems/ruby-3.0.0/gems/railties-7.0.3/lib/rails/templates/rails/welcome/index.html.erb
  Rendered /home/itsacheckmate/.rvm/gems/ruby-3.0.0/gems/railties-7.0.3/lib/rails/templates/rails/welcome/index.html.erb (Duration: 0.1ms | Allocations: 23)
Completed 200 OK in 1ms (Views: 0.3ms | ActiveRecord: 0.0ms | Allocations: 291)


Started GET "/" for 127.0.0.1 at 2022-06-29 16:20:25 +0530
Processing by Rails::WelcomeController#index as HTML
  Rendering /home/itsacheckmate/.rvm/gems/ruby-3.0.0/gems/railties-7.0.3/lib/rails/templates/rails/welcome/index.html.erb
  Rendered /home/itsacheckmate/.rvm/gems/ruby-3.0.0/gems/railties-7.0.3/lib/rails/templates/rails/welcome/index.html.erb (Duration: 0.5ms | Allocations: 636)
Completed 200 OK in 5ms (Views: 1.7ms | ActiveRecord: 0.0ms | Allocations: 5734)


Started GET "/about" for ::1 at 2022-06-29 16:20:44 +0530
Processing by AboutController#index as HTML
  Rendering layout layouts/application.html.erb
  Rendering about/index.html.erb within layouts/application
  Rendered about/index.html.erb within layouts/application (Duration: 0.3ms | Allocations: 118)
  Rendered layout layouts/application.html.erb (Duration: 108.0ms | Allocations: 91068)
Completed 200 OK in 110ms (Views: 109.0ms | ActiveRecord: 0.0ms | Allocations: 92179)


Started GET "/" for ::1 at 2022-06-29 16:58:53 +0530
Processing by MainController#index as HTML
  Rendering layout layouts/application.html.erb
  Rendering main/index.html.erb within layouts/application
  Rendered main/index.html.erb within layouts/application (Duration: 0.2ms | Allocations: 122)
  Rendered layout layouts/application.html.erb (Duration: 5.3ms | Allocations: 14130)
Completed 200 OK in 6ms (Views: 6.0ms | Allocations: 15178)


Started GET "/" for ::1 at 2022-06-29 16:59:45 +0530
Processing by MainController#index as HTML
  Rendering layout layouts/application.html.erb
  Rendering main/index.html.erb within layouts/application
  Rendered main/index.html.erb within layouts/application (Duration: 0.0ms | Allocations: 17)
  Rendered layout layouts/application.html.erb (Duration: 4.9ms | Allocations: 13791)
Completed 200 OK in 6ms (Views: 5.6ms | Allocations: 14559)


Started GET "/" for ::1 at 2022-06-29 17:00:16 +0530
Processing by MainController#index as HTML
  Rendering layout layouts/application.html.erb
  Rendering main/index.html.erb within layouts/application
  Rendered main/index.html.erb within layouts/application (Duration: 0.2ms | Allocations: 118)
  Rendered layout layouts/application.html.erb (Duration: 2.3ms | Allocations: 2775)
Completed 200 OK in 4ms (Views: 3.1ms | Allocations: 3790)


Started GET "/" for ::1 at 2022-06-29 17:03:53 +0530
Processing by MainController#index as HTML
  Rendering layout layouts/application.html.erb
  Rendering main/index.html.erb within layouts/application
  Rendered main/index.html.erb within layouts/application (Duration: 0.8ms | Allocations: 117)
  Rendered layout layouts/application.html.erb (Duration: 6.6ms | Allocations: 2781)
Completed 200 OK in 10ms (Views: 9.0ms | Allocations: 3792)


Started GET "/" for ::1 at 2022-06-29 17:05:14 +0530
Processing by MainController#index as HTML
  Rendering layout layouts/application.html.erb
  Rendering main/index.html.erb within layouts/application
  Rendered main/index.html.erb within layouts/application (Duration: 0.3ms | Allocations: 120)
  Rendered layout layouts/application.html.erb (Duration: 2.5ms | Allocations: 2789)
Completed 200 OK in 4ms (Views: 3.6ms | Allocations: 3800)


Started GET "/about" for ::1 at 2022-06-29 17:07:37 +0530
Processing by AboutController#index as HTML
  Rendering layout layouts/application.html.erb
  Rendering about/index.html.erb within layouts/application
  Rendered about/index.html.erb within layouts/application (Duration: 0.2ms | Allocations: 115)
  Rendered layout layouts/application.html.erb (Duration: 1.9ms | Allocations: 2570)
Completed 200 OK in 3ms (Views: 2.7ms | Allocations: 3428)


Started GET "/about" for ::1 at 2022-06-29 17:37:36 +0530
Processing by AboutController#index as HTML
  Rendering layout layouts/application.html.erb
  Rendering about/index.html.erb within layouts/application
  Rendered about/index.html.erb within layouts/application (Duration: 0.2ms | Allocations: 116)
  Rendered shared/_navbar.html.erb (Duration: 0.2ms | Allocations: 157)
  Rendered layout layouts/application.html.erb (Duration: 2.5ms | Allocations: 3097)
Completed 200 OK in 4ms (Views: 3.4ms | Allocations: 4107)


Started GET "/about" for ::1 at 2022-06-29 17:39:18 +0530
Processing by AboutController#index as HTML
  Rendering layout layouts/application.html.erb
  Rendering about/index.html.erb within layouts/application
  Rendered about/index.html.erb within layouts/application (Duration: 0.2ms | Allocations: 116)
  Rendered shared/_navbar.html.erb (Duration: 0.2ms | Allocations: 142)
  Rendered layout layouts/application.html.erb (Duration: 2.3ms | Allocations: 3070)
Completed 200 OK in 4ms (Views: 3.3ms | Allocations: 4081)


Started GET "/" for ::1 at 2022-06-29 17:39:20 +0530
Processing by MainController#index as HTML
  Rendering layout layouts/application.html.erb
  Rendering main/index.html.erb within layouts/application
  Rendered main/index.html.erb within layouts/application (Duration: 0.4ms | Allocations: 118)
  Rendered shared/_navbar.html.erb (Duration: 0.0ms | Allocations: 14)
  Rendered layout layouts/application.html.erb (Duration: 2.8ms | Allocations: 2662)
Completed 200 OK in 5ms (Views: 4.2ms | Allocations: 3498)


Started GET "/" for ::1 at 2022-06-29 17:39:21 +0530
Processing by MainController#index as HTML
  Rendering layout layouts/application.html.erb
  Rendering main/index.html.erb within layouts/application
  Rendered main/index.html.erb within layouts/application (Duration: 0.0ms | Allocations: 15)
  Rendered shared/_navbar.html.erb (Duration: 0.0ms | Allocations: 13)
  Rendered layout layouts/application.html.erb (Duration: 1.8ms | Allocations: 2461)
Completed 200 OK in 2ms (Views: 2.0ms | Allocations: 2780)


Started GET "/about" for ::1 at 2022-06-29 17:39:22 +0530
Processing by AboutController#index as HTML
  Rendering layout layouts/application.html.erb
  Rendering about/index.html.erb within layouts/application
  Rendered about/index.html.erb within layouts/application (Duration: 0.1ms | Allocations: 15)
  Rendered shared/_navbar.html.erb (Duration: 0.0ms | Allocations: 13)
  Rendered layout layouts/application.html.erb (Duration: 2.2ms | Allocations: 2458)
Completed 200 OK in 3ms (Views: 2.8ms | Allocations: 2778)


Started GET "/about" for ::1 at 2022-06-29 17:39:22 +0530
Processing by AboutController#index as HTML
  Rendering layout layouts/application.html.erb
  Rendering about/index.html.erb within layouts/application
  Rendered about/index.html.erb within layouts/application (Duration: 0.1ms | Allocations: 15)
  Rendered shared/_navbar.html.erb (Duration: 0.0ms | Allocations: 13)
  Rendered layout layouts/application.html.erb (Duration: 6.5ms | Allocations: 2468)
Completed 200 OK in 8ms (Views: 7.2ms | Allocations: 2787)


Started GET "/" for ::1 at 2022-06-29 17:39:30 +0530
Processing by MainController#index as HTML
  Rendering layout layouts/application.html.erb
  Rendering main/index.html.erb within layouts/application
  Rendered main/index.html.erb within layouts/application (Duration: 0.0ms | Allocations: 15)
  Rendered shared/_navbar.html.erb (Duration: 0.0ms | Allocations: 13)
  Rendered layout layouts/application.html.erb (Duration: 2.0ms | Allocations: 2476)
Completed 200 OK in 3ms (Views: 2.5ms | Allocations: 2794)


Started GET "/" for ::1 at 2022-06-29 18:45:11 +0530
Processing by MainController#index as HTML
  Rendering layout layouts/application.html.erb
  Rendering main/index.html.erb within layouts/application
  Rendered main/index.html.erb within layouts/application (Duration: 0.5ms | Allocations: 367)
  Rendered shared/_navbar.html.erb (Duration: 0.5ms | Allocations: 284)
  Rendered layout layouts/application.html.erb (Duration: 25.1ms | Allocations: 35901)
Completed 200 OK in 31ms (Views: 26.9ms | ActiveRecord: 0.0ms | Allocations: 41146)


Started GET "/about" for ::1 at 2022-06-29 18:45:12 +0530
Processing by AboutController#index as HTML
  Rendering layout layouts/application.html.erb
  Rendering about/index.html.erb within layouts/application
  Rendered about/index.html.erb within layouts/application (Duration: 0.2ms | Allocations: 116)
  Rendered shared/_navbar.html.erb (Duration: 0.1ms | Allocations: 82)
  Rendered layout layouts/application.html.erb (Duration: 2.0ms | Allocations: 2725)
Completed 200 OK in 3ms (Views: 2.8ms | ActiveRecord: 0.0ms | Allocations: 3598)


Started GET "/" for ::1 at 2022-06-29 18:45:14 +0530
Processing by MainController#index as HTML
  Rendering layout layouts/application.html.erb
  Rendering main/index.html.erb within layouts/application
  Rendered main/index.html.erb within layouts/application (Duration: 0.0ms | Allocations: 15)
  Rendered shared/_navbar.html.erb (Duration: 0.1ms | Allocations: 65)
  Rendered layout layouts/application.html.erb (Duration: 1.9ms | Allocations: 2512)
Completed 200 OK in 3ms (Views: 2.3ms | ActiveRecord: 0.0ms | Allocations: 2838)


Started GET "/" for ::1 at 2022-06-29 18:45:14 +0530
Processing by MainController#index as HTML
  Rendering layout layouts/application.html.erb
  Rendering main/index.html.erb within layouts/application
  Rendered main/index.html.erb within layouts/application (Duration: 0.0ms | Allocations: 15)
  Rendered shared/_navbar.html.erb (Duration: 0.1ms | Allocations: 65)
  Rendered layout layouts/application.html.erb (Duration: 1.8ms | Allocations: 2527)
Completed 200 OK in 2ms (Views: 2.0ms | ActiveRecord: 0.0ms | Allocations: 2848)


Started GET "/about" for ::1 at 2022-06-29 18:45:19 +0530
Processing by AboutController#index as HTML
  Rendering layout layouts/application.html.erb
  Rendering about/index.html.erb within layouts/application
  Rendered about/index.html.erb within layouts/application (Duration: 0.0ms | Allocations: 15)
  Rendered shared/_navbar.html.erb (Duration: 0.1ms | Allocations: 65)
  Rendered layout layouts/application.html.erb (Duration: 2.2ms | Allocations: 2523)
Completed 200 OK in 3ms (Views: 2.5ms | ActiveRecord: 0.0ms | Allocations: 2848)


Started GET "/" for 127.0.0.1 at 2022-06-29 18:50:39 +0530
Processing by MainController#index as HTML
  Rendering layout layouts/application.html.erb
  Rendering main/index.html.erb within layouts/application
  Rendered main/index.html.erb within layouts/application (Duration: 0.4ms | Allocations: 367)
  Rendered shared/_navbar.html.erb (Duration: 0.5ms | Allocations: 405)
  Rendered layout layouts/application.html.erb (Duration: 26.1ms | Allocations: 36068)
Completed 200 OK in 30ms (Views: 27.8ms | ActiveRecord: 0.0ms | Allocations: 41314)


Started GET "/" for 127.0.0.1 at 2022-06-29 18:50:41 +0530
Processing by MainController#index as HTML
  Rendering layout layouts/application.html.erb
  Rendering main/index.html.erb within layouts/application
  Rendered main/index.html.erb within layouts/application (Duration: 0.0ms | Allocations: 15)
  Rendered shared/_navbar.html.erb (Duration: 0.1ms | Allocations: 137)
  Rendered layout layouts/application.html.erb (Duration: 2.1ms | Allocations: 2638)
Completed 200 OK in 3ms (Views: 2.4ms | ActiveRecord: 0.0ms | Allocations: 2965)


Started GET "/" for 127.0.0.1 at 2022-06-29 18:50:41 +0530
Processing by MainController#index as HTML
  Rendering layout layouts/application.html.erb
  Rendering main/index.html.erb within layouts/application
  Rendered main/index.html.erb within layouts/application (Duration: 0.0ms | Allocations: 15)
  Rendered shared/_navbar.html.erb (Duration: 0.1ms | Allocations: 137)
  Rendered layout layouts/application.html.erb (Duration: 1.8ms | Allocations: 2623)
Completed 200 OK in 2ms (Views: 2.0ms | ActiveRecord: 0.0ms | Allocations: 2948)


Started GET "/" for 127.0.0.1 at 2022-06-29 18:50:43 +0530
Processing by MainController#index as HTML
  Rendering layout layouts/application.html.erb
  Rendering main/index.html.erb within layouts/application
  Rendered main/index.html.erb within layouts/application (Duration: 0.0ms | Allocations: 15)
  Rendered shared/_navbar.html.erb (Duration: 0.1ms | Allocations: 137)
  Rendered layout layouts/application.html.erb (Duration: 1.8ms | Allocations: 2637)
Completed 200 OK in 2ms (Views: 2.1ms | ActiveRecord: 0.0ms | Allocations: 2962)


Started GET "/about" for 127.0.0.1 at 2022-06-29 18:50:55 +0530
Processing by AboutController#index as HTML
  Rendering layout layouts/application.html.erb
  Rendering about/index.html.erb within layouts/application
  Rendered about/index.html.erb within layouts/application (Duration: 0.4ms | Allocations: 116)
  Rendered shared/_navbar.html.erb (Duration: 0.2ms | Allocations: 158)
  Rendered layout layouts/application.html.erb (Duration: 2.8ms | Allocations: 2843)
Completed 200 OK in 4ms (Views: 3.5ms | ActiveRecord: 0.0ms | Allocations: 3711)


Started GET "/" for 127.0.0.1 at 2022-06-29 18:50:57 +0530
Processing by MainController#index as HTML
  Rendering layout layouts/application.html.erb
  Rendering main/index.html.erb within layouts/application
  Rendered main/index.html.erb within layouts/application (Duration: 0.1ms | Allocations: 15)
  Rendered shared/_navbar.html.erb (Duration: 0.1ms | Allocations: 137)
  Rendered layout layouts/application.html.erb (Duration: 3.1ms | Allocations: 2634)
Completed 200 OK in 4ms (Views: 3.7ms | ActiveRecord: 0.0ms | Allocations: 2956)


Started GET "/" for 127.0.0.1 at 2022-06-29 18:51:52 +0530
Processing by MainController#index as HTML
  Rendering layout layouts/application.html.erb
  Rendering main/index.html.erb within layouts/application
  Rendered main/index.html.erb within layouts/application (Duration: 0.2ms | Allocations: 119)
  Rendered shared/_navbar.html.erb (Duration: 0.4ms | Allocations: 347)
  Rendered layout layouts/application.html.erb (Duration: 2.7ms | Allocations: 3322)
Completed 200 OK in 4ms (Views: 3.6ms | ActiveRecord: 0.0ms | Allocations: 4336)


Started GET "/" for 127.0.0.1 at 2022-06-29 18:52:04 +0530
Processing by MainController#index as HTML
  Rendering layout layouts/application.html.erb
  Rendering main/index.html.erb within layouts/application
  Rendered main/index.html.erb within layouts/application (Duration: 0.0ms | Allocations: 15)
  Rendered shared/_navbar.html.erb (Duration: 0.1ms | Allocations: 137)
  Rendered layout layouts/application.html.erb (Duration: 1.9ms | Allocations: 2628)
Completed 200 OK in 2ms (Views: 2.2ms | ActiveRecord: 0.0ms | Allocations: 2950)


Started GET "/about" for 127.0.0.1 at 2022-06-29 18:52:07 +0530
Processing by AboutController#index as HTML
  Rendering layout layouts/application.html.erb
  Rendering about/index.html.erb within layouts/application
  Rendered about/index.html.erb within layouts/application (Duration: 0.2ms | Allocations: 115)
  Rendered shared/_navbar.html.erb (Duration: 0.1ms | Allocations: 157)
  Rendered layout layouts/application.html.erb (Duration: 2.3ms | Allocations: 2840)
Completed 200 OK in 4ms (Views: 3.2ms | ActiveRecord: 0.0ms | Allocations: 3678)


Started GET "/" for 127.0.0.1 at 2022-06-29 18:52:09 +0530
Processing by MainController#index as HTML
  Rendering layout layouts/application.html.erb
  Rendering main/index.html.erb within layouts/application
  Rendered main/index.html.erb within layouts/application (Duration: 0.0ms | Allocations: 15)
  Rendered shared/_navbar.html.erb (Duration: 0.1ms | Allocations: 137)
  Rendered layout layouts/application.html.erb (Duration: 2.1ms | Allocations: 2628)
Completed 200 OK in 3ms (Views: 2.5ms | ActiveRecord: 0.0ms | Allocations: 2950)


Started GET "/" for 127.0.0.1 at 2022-06-29 18:52:12 +0530
Processing by MainController#index as HTML
  Rendering layout layouts/application.html.erb
  Rendering main/index.html.erb within layouts/application
  Rendered main/index.html.erb within layouts/application (Duration: 0.0ms | Allocations: 15)
  Rendered shared/_navbar.html.erb (Duration: 0.1ms | Allocations: 137)
  Rendered layout layouts/application.html.erb (Duration: 2.0ms | Allocations: 2620)
Completed 200 OK in 3ms (Views: 2.3ms | ActiveRecord: 0.0ms | Allocations: 2941)


Started GET "/" for 127.0.0.1 at 2022-06-29 18:52:20 +0530
Processing by MainController#index as HTML
  Rendering layout layouts/application.html.erb
  Rendering main/index.html.erb within layouts/application
  Rendered main/index.html.erb within layouts/application (Duration: 0.0ms | Allocations: 15)
  Rendered shared/_navbar.html.erb (Duration: 0.1ms | Allocations: 137)
  Rendered layout layouts/application.html.erb (Duration: 1.9ms | Allocations: 2622)
Completed 200 OK in 2ms (Views: 2.2ms | ActiveRecord: 0.0ms | Allocations: 2943)


Started GET "/about" for 127.0.0.1 at 2022-06-29 18:52:23 +0530
Processing by AboutController#index as HTML
  Rendering layout layouts/application.html.erb
  Rendering about/index.html.erb within layouts/application
  Rendered about/index.html.erb within layouts/application (Duration: 0.0ms | Allocations: 15)
  Rendered shared/_navbar.html.erb (Duration: 0.1ms | Allocations: 137)
  Rendered layout layouts/application.html.erb (Duration: 2.0ms | Allocations: 2627)
Completed 200 OK in 3ms (Views: 2.3ms | ActiveRecord: 0.0ms | Allocations: 2949)


Started GET "/" for 127.0.0.1 at 2022-06-29 19:26:47 +0530
Processing by MainController#index as HTML
  Rendering layout layouts/application.html.erb
  Rendering main/index.html.erb within layouts/application
  Rendered main/index.html.erb within layouts/application (Duration: 0.0ms | Allocations: 15)
  Rendered shared/_navbar.html.erb (Duration: 0.1ms | Allocations: 137)
  Rendered layout layouts/application.html.erb (Duration: 2.3ms | Allocations: 2634)
Completed 200 OK in 3ms (Views: 2.8ms | Allocations: 2952)


Started GET "/" for 127.0.0.1 at 2022-06-29 19:26:48 +0530
Processing by MainController#index as HTML
  Rendering layout layouts/application.html.erb
  Rendering main/index.html.erb within layouts/application
  Rendered main/index.html.erb within layouts/application (Duration: 0.1ms | Allocations: 15)
  Rendered shared/_navbar.html.erb (Duration: 0.3ms | Allocations: 137)
  Rendered layout layouts/application.html.erb (Duration: 4.6ms | Allocations: 2626)
Completed 200 OK in 6ms (Views: 5.1ms | Allocations: 2944)


Started GET "/about" for 127.0.0.1 at 2022-06-29 19:26:51 +0530
Processing by AboutController#index as HTML
  Rendering layout layouts/application.html.erb
  Rendering about/index.html.erb within layouts/application
  Rendered about/index.html.erb within layouts/application (Duration: 0.1ms | Allocations: 15)
  Rendered shared/_navbar.html.erb (Duration: 0.1ms | Allocations: 137)
  Rendered layout layouts/application.html.erb (Duration: 2.2ms | Allocations: 2613)
Completed 200 OK in 3ms (Views: 2.7ms | Allocations: 2931)


Started GET "/" for 127.0.0.1 at 2022-06-29 19:26:54 +0530
Processing by MainController#index as HTML
  Rendering layout layouts/application.html.erb
  Rendering main/index.html.erb within layouts/application
  Rendered main/index.html.erb within layouts/application (Duration: 0.0ms | Allocations: 15)
  Rendered shared/_navbar.html.erb (Duration: 0.2ms | Allocations: 137)
  Rendered layout layouts/application.html.erb (Duration: 2.3ms | Allocations: 2630)
Completed 200 OK in 3ms (Views: 2.6ms | Allocations: 2948)


Started GET "/" for 127.0.0.1 at 2022-06-29 19:26:56 +0530
Processing by MainController#index as HTML
  Rendering layout layouts/application.html.erb
  Rendering main/index.html.erb within layouts/application
  Rendered main/index.html.erb within layouts/application (Duration: 0.0ms | Allocations: 15)
  Rendered shared/_navbar.html.erb (Duration: 0.1ms | Allocations: 137)
  Rendered layout layouts/application.html.erb (Duration: 1.9ms | Allocations: 2624)
Completed 200 OK in 2ms (Views: 2.2ms | Allocations: 2942)


Started GET "/" for 127.0.0.1 at 2022-06-29 19:48:18 +0530
Processing by MainController#index as HTML
  Rendering layout layouts/application.html.erb
  Rendering main/index.html.erb within layouts/application
  Rendered main/index.html.erb within layouts/application (Duration: 0.2ms | Allocations: 119)
  Rendered shared/_navbar.html.erb (Duration: 0.4ms | Allocations: 349)
  Rendered layout layouts/application.html.erb (Duration: 6.0ms | Allocations: 14455)
Completed 200 OK in 8ms (Views: 6.8ms | Allocations: 15731)


Started GET "/" for 127.0.0.1 at 2022-06-29 19:48:19 +0530
Processing by MainController#index as HTML
  Rendering layout layouts/application.html.erb
  Rendering main/index.html.erb within layouts/application
  Rendered main/index.html.erb within layouts/application (Duration: 0.1ms | Allocations: 15)
  Rendered shared/_navbar.html.erb (Duration: 0.1ms | Allocations: 137)
  Rendered layout layouts/application.html.erb (Duration: 2.3ms | Allocations: 2433)
Completed 200 OK in 4ms (Views: 2.9ms | Allocations: 3009)


Started GET "/" for 127.0.0.1 at 2022-06-29 19:48:19 +0530
Processing by MainController#index as HTML
  Rendering layout layouts/application.html.erb
  Rendering main/index.html.erb within layouts/application
  Rendered main/index.html.erb within layouts/application (Duration: 0.0ms | Allocations: 15)
  Rendered shared/_navbar.html.erb (Duration: 0.1ms | Allocations: 137)
  Rendered layout layouts/application.html.erb (Duration: 1.8ms | Allocations: 2449)
Completed 200 OK in 2ms (Views: 2.0ms | Allocations: 2998)


Started GET "/" for 127.0.0.1 at 2022-06-29 19:48:21 +0530
Processing by MainController#index as HTML
  Rendering layout layouts/application.html.erb
  Rendering main/index.html.erb within layouts/application
  Rendered main/index.html.erb within layouts/application (Duration: 0.0ms | Allocations: 15)
  Rendered shared/_navbar.html.erb (Duration: 0.1ms | Allocations: 137)
  Rendered layout layouts/application.html.erb (Duration: 1.8ms | Allocations: 2433)
Completed 200 OK in 2ms (Views: 2.0ms | Allocations: 2981)


Started GET "/" for 127.0.0.1 at 2022-06-29 19:48:23 +0530
Processing by MainController#index as HTML
  Rendering layout layouts/application.html.erb
  Rendering main/index.html.erb within layouts/application
  Rendered main/index.html.erb within layouts/application (Duration: 0.0ms | Allocations: 15)
  Rendered shared/_navbar.html.erb (Duration: 0.1ms | Allocations: 137)
  Rendered layout layouts/application.html.erb (Duration: 1.8ms | Allocations: 2433)
Completed 200 OK in 3ms (Views: 2.1ms | Allocations: 2977)


Started GET "/about" for 127.0.0.1 at 2022-06-29 19:48:26 +0530
Processing by AboutController#index as HTML
  Rendering layout layouts/application.html.erb
  Rendering about/index.html.erb within layouts/application
  Rendered about/index.html.erb within layouts/application (Duration: 0.5ms | Allocations: 118)
  Rendered shared/_navbar.html.erb (Duration: 0.1ms | Allocations: 158)
  Rendered layout layouts/application.html.erb (Duration: 5.4ms | Allocations: 2852)
Completed 200 OK in 8ms (Views: 7.2ms | Allocations: 3714)


Started GET "/about" for 127.0.0.1 at 2022-06-29 19:48:50 +0530
Started GET "/" for 127.0.0.1 at 2022-06-29 19:48:59 +0530
Processing by MainController#index as HTML
  Rendering layout layouts/application.html.erb
  Rendering main/index.html.erb within layouts/application
  Rendered main/index.html.erb within layouts/application (Duration: 0.4ms | Allocations: 367)
  Rendered shared/_navbar.html.erb (Duration: 0.5ms | Allocations: 405)
  Rendered layout layouts/application.html.erb (Duration: 24.5ms | Allocations: 35780)
Completed 200 OK in 30ms (Views: 26.1ms | ActiveRecord: 0.0ms | Allocations: 41400)


Started GET "/" for 127.0.0.1 at 2022-06-29 19:49:03 +0530
Processing by MainController#index as HTML
  Rendering layout layouts/application.html.erb
  Rendering main/index.html.erb within layouts/application
  Rendered main/index.html.erb within layouts/application (Duration: 0.0ms | Allocations: 15)
  Rendered shared/_navbar.html.erb (Duration: 0.1ms | Allocations: 137)
  Rendered layout layouts/application.html.erb (Duration: 1.7ms | Allocations: 2434)
Completed 200 OK in 2ms (Views: 2.0ms | ActiveRecord: 0.0ms | Allocations: 2997)


Started GET "/about" for 127.0.0.1 at 2022-06-29 19:49:06 +0530
Processing by AboutController#index as HTML
  Rendering layout layouts/application.html.erb
  Rendering about/index.html.erb within layouts/application
  Rendered about/index.html.erb within layouts/application (Duration: 0.2ms | Allocations: 116)
  Rendered shared/_navbar.html.erb (Duration: 0.1ms | Allocations: 158)
  Rendered layout layouts/application.html.erb (Duration: 2.0ms | Allocations: 2861)
Completed 200 OK in 3ms (Views: 2.7ms | ActiveRecord: 0.0ms | Allocations: 3733)


Started GET "/about" for 127.0.0.1 at 2022-06-29 19:49:29 +0530
Processing by AboutController#index as HTML
  Rendering layout layouts/application.html.erb
  Rendering about/index.html.erb within layouts/application
  Rendered about/index.html.erb within layouts/application (Duration: 0.2ms | Allocations: 116)
  Rendered shared/_navbar.html.erb (Duration: 0.3ms | Allocations: 347)
  Rendered shared/_flash.html.erb (Duration: 0.2ms | Allocations: 148)
  Rendered layout layouts/application.html.erb (Duration: 2.9ms | Allocations: 3629)
Completed 200 OK in 4ms (Views: 4.0ms | ActiveRecord: 0.0ms | Allocations: 4642)


Started GET "/" for 127.0.0.1 at 2022-06-29 19:49:38 +0530
Processing by MainController#index as HTML
  Rendering layout layouts/application.html.erb
  Rendering main/index.html.erb within layouts/application
  Rendered main/index.html.erb within layouts/application (Duration: 0.8ms | Allocations: 118)
  Rendered shared/_navbar.html.erb (Duration: 0.4ms | Allocations: 157)
  Rendered shared/_flash.html.erb (Duration: 0.1ms | Allocations: 22)
  Rendered layout layouts/application.html.erb (Duration: 6.2ms | Allocations: 2721)
Completed 200 OK in 10ms (Views: 8.7ms | ActiveRecord: 0.0ms | Allocations: 3757)


Started GET "/about" for 127.0.0.1 at 2022-06-29 19:49:41 +0530
Processing by AboutController#index as HTML
  Rendering layout layouts/application.html.erb
  Rendering about/index.html.erb within layouts/application
  Rendered about/index.html.erb within layouts/application (Duration: 0.0ms | Allocations: 15)
  Rendered shared/_navbar.html.erb (Duration: 0.2ms | Allocations: 137)
  Rendered shared/_flash.html.erb (Duration: 0.0ms | Allocations: 32)
  Rendered layout layouts/application.html.erb (Duration: 2.5ms | Allocations: 2730)
Completed 200 OK in 3ms (Views: 2.8ms | ActiveRecord: 0.0ms | Allocations: 3053)


Started GET "/about" for 127.0.0.1 at 2022-06-29 19:52:27 +0530
Processing by AboutController#index as HTML
  Rendering layout layouts/application.html.erb
  Rendering about/index.html.erb within layouts/application
  Rendered about/index.html.erb within layouts/application (Duration: 0.2ms | Allocations: 116)
  Rendered shared/_navbar.html.erb (Duration: 0.3ms | Allocations: 347)
  Rendered shared/_flash.html.erb (Duration: 0.2ms | Allocations: 171)
  Rendered layout layouts/application.html.erb (Duration: 2.9ms | Allocations: 3628)
Completed 200 OK in 4ms (Views: 3.6ms | ActiveRecord: 0.0ms | Allocations: 4641)


Started GET "/about" for 127.0.0.1 at 2022-06-29 19:52:30 +0530
Processing by AboutController#index as HTML
  Rendering layout layouts/application.html.erb
  Rendering about/index.html.erb within layouts/application
  Rendered about/index.html.erb within layouts/application (Duration: 0.0ms | Allocations: 15)
  Rendered shared/_navbar.html.erb (Duration: 0.1ms | Allocations: 137)
  Rendered shared/_flash.html.erb (Duration: 0.0ms | Allocations: 29)
  Rendered layout layouts/application.html.erb (Duration: 1.9ms | Allocations: 2715)
Completed 200 OK in 2ms (Views: 2.2ms | ActiveRecord: 0.0ms | Allocations: 3037)


Started GET "/about" for 127.0.0.1 at 2022-06-29 19:54:18 +0530
Processing by AboutController#index as HTML
  Rendering layout layouts/application.html.erb
  Rendering about/index.html.erb within layouts/application
  Rendered about/index.html.erb within layouts/application (Duration: 0.2ms | Allocations: 116)
  Rendered shared/_navbar.html.erb (Duration: 0.4ms | Allocations: 347)
  Rendered shared/_flash.html.erb (Duration: 0.2ms | Allocations: 170)
  Rendered layout layouts/application.html.erb (Duration: 3.3ms | Allocations: 3616)
Completed 200 OK in 5ms (Views: 4.3ms | ActiveRecord: 0.0ms | Allocations: 4634)


Started GET "/about" for 127.0.0.1 at 2022-06-29 19:54:19 +0530
Processing by AboutController#index as HTML
  Rendering layout layouts/application.html.erb
  Rendering about/index.html.erb within layouts/application
  Rendered about/index.html.erb within layouts/application (Duration: 0.0ms | Allocations: 15)
  Rendered shared/_navbar.html.erb (Duration: 0.2ms | Allocations: 137)
  Rendered shared/_flash.html.erb (Duration: 0.1ms | Allocations: 29)
  Rendered layout layouts/application.html.erb (Duration: 3.2ms | Allocations: 2715)
Completed 200 OK in 4ms (Views: 3.5ms | ActiveRecord: 0.0ms | Allocations: 3034)


Started GET "/about" for 127.0.0.1 at 2022-06-29 19:54:20 +0530
Processing by AboutController#index as HTML
  Rendering layout layouts/application.html.erb
  Rendering about/index.html.erb within layouts/application
  Rendered about/index.html.erb within layouts/application (Duration: 0.0ms | Allocations: 15)
  Rendered shared/_navbar.html.erb (Duration: 0.1ms | Allocations: 137)
  Rendered shared/_flash.html.erb (Duration: 0.0ms | Allocations: 29)
  Rendered layout layouts/application.html.erb (Duration: 1.9ms | Allocations: 2711)
Completed 200 OK in 2ms (Views: 2.2ms | ActiveRecord: 0.0ms | Allocations: 3029)


Started GET "/about" for 127.0.0.1 at 2022-06-29 19:54:20 +0530
Processing by AboutController#index as HTML
  Rendering layout layouts/application.html.erb
  Rendering about/index.html.erb within layouts/application
  Rendered about/index.html.erb within layouts/application (Duration: 0.0ms | Allocations: 15)
  Rendered shared/_navbar.html.erb (Duration: 0.1ms | Allocations: 137)
  Rendered shared/_flash.html.erb (Duration: 0.0ms | Allocations: 29)
  Rendered layout layouts/application.html.erb (Duration: 2.2ms | Allocations: 2711)
Completed 200 OK in 3ms (Views: 2.5ms | ActiveRecord: 0.0ms | Allocations: 3029)


Started GET "/" for 127.0.0.1 at 2022-06-29 19:54:23 +0530
Processing by MainController#index as HTML
  Rendering layout layouts/application.html.erb
  Rendering main/index.html.erb within layouts/application
  Rendered main/index.html.erb within layouts/application (Duration: 0.5ms | Allocations: 118)
  Rendered shared/_navbar.html.erb (Duration: 0.2ms | Allocations: 157)
  Rendered shared/_flash.html.erb (Duration: 0.0ms | Allocations: 22)
  Rendered layout layouts/application.html.erb (Duration: 2.6ms | Allocations: 2721)
Completed 200 OK in 6ms (Views: 4.5ms | ActiveRecord: 0.0ms | Allocations: 3778)


Started GET "/about" for 127.0.0.1 at 2022-06-29 19:54:26 +0530
Processing by AboutController#index as HTML
  Rendering layout layouts/application.html.erb
  Rendering about/index.html.erb within layouts/application
  Rendered about/index.html.erb within layouts/application (Duration: 0.0ms | Allocations: 15)
  Rendered shared/_navbar.html.erb (Duration: 0.2ms | Allocations: 137)
  Rendered shared/_flash.html.erb (Duration: 0.0ms | Allocations: 32)
  Rendered layout layouts/application.html.erb (Duration: 2.5ms | Allocations: 2733)
Completed 200 OK in 3ms (Views: 2.8ms | ActiveRecord: 0.0ms | Allocations: 3059)


Started GET "/" for 127.0.0.1 at 2022-06-29 19:54:29 +0530
Processing by MainController#index as HTML
  Rendering layout layouts/application.html.erb
  Rendering main/index.html.erb within layouts/application
  Rendered main/index.html.erb within layouts/application (Duration: 0.0ms | Allocations: 15)
  Rendered shared/_navbar.html.erb (Duration: 0.2ms | Allocations: 137)
  Rendered shared/_flash.html.erb (Duration: 0.0ms | Allocations: 21)
  Rendered layout layouts/application.html.erb (Duration: 2.0ms | Allocations: 2513)
Completed 200 OK in 3ms (Views: 2.3ms | ActiveRecord: 0.0ms | Allocations: 3031)


Started GET "/" for 127.0.0.1 at 2022-06-29 19:54:37 +0530
Processing by MainController#index as HTML
  Rendering layout layouts/application.html.erb
  Rendering main/index.html.erb within layouts/application
  Rendered main/index.html.erb within layouts/application (Duration: 0.3ms | Allocations: 119)
  Rendered shared/_navbar.html.erb (Duration: 0.3ms | Allocations: 347)
  Rendered shared/_flash.html.erb (Duration: 0.2ms | Allocations: 161)
  Rendered layout layouts/application.html.erb (Duration: 3.1ms | Allocations: 3421)
Completed 200 OK in 6ms (Views: 5.1ms | ActiveRecord: 0.0ms | Allocations: 4664)


Started GET "/" for 127.0.0.1 at 2022-06-29 19:54:38 +0530
Processing by MainController#index as HTML
  Rendering layout layouts/application.html.erb
  Rendering main/index.html.erb within layouts/application
  Rendered main/index.html.erb within layouts/application (Duration: 0.1ms | Allocations: 15)
  Rendered shared/_navbar.html.erb (Duration: 0.3ms | Allocations: 137)
  Rendered shared/_flash.html.erb (Duration: 0.1ms | Allocations: 21)
  Rendered layout layouts/application.html.erb (Duration: 5.4ms | Allocations: 2513)
Completed 200 OK in 7ms (Views: 6.2ms | ActiveRecord: 0.0ms | Allocations: 3058)


Started GET "/about" for 127.0.0.1 at 2022-06-29 19:54:40 +0530
Processing by AboutController#index as HTML
  Rendering layout layouts/application.html.erb
  Rendering about/index.html.erb within layouts/application
  Rendered about/index.html.erb within layouts/application (Duration: 0.3ms | Allocations: 115)
  Rendered shared/_navbar.html.erb (Duration: 0.1ms | Allocations: 157)
  Rendered shared/_flash.html.erb (Duration: 0.0ms | Allocations: 33)
  Rendered layout layouts/application.html.erb (Duration: 2.5ms | Allocations: 2955)
Completed 200 OK in 4ms (Views: 3.9ms | ActiveRecord: 0.0ms | Allocations: 3793)


Started GET "/" for 127.0.0.1 at 2022-06-29 19:54:43 +0530
Processing by MainController#index as HTML
  Rendering layout layouts/application.html.erb
  Rendering main/index.html.erb within layouts/application
  Rendered main/index.html.erb within layouts/application (Duration: 0.1ms | Allocations: 15)
  Rendered shared/_navbar.html.erb (Duration: 0.1ms | Allocations: 137)
  Rendered shared/_flash.html.erb (Duration: 0.0ms | Allocations: 21)
  Rendered layout layouts/application.html.erb (Duration: 3.2ms | Allocations: 2513)
Completed 200 OK in 5ms (Views: 4.1ms | ActiveRecord: 0.0ms | Allocations: 3037)


Started GET "/" for 127.0.0.1 at 2022-06-29 19:54:47 +0530
Processing by MainController#index as HTML
  Rendering layout layouts/application.html.erb
  Rendering main/index.html.erb within layouts/application
  Rendered main/index.html.erb within layouts/application (Duration: 0.8ms | Allocations: 119)
  Rendered shared/_navbar.html.erb (Duration: 0.9ms | Allocations: 347)
  Rendered shared/_flash.html.erb (Duration: 0.6ms | Allocations: 160)
  Rendered layout layouts/application.html.erb (Duration: 8.3ms | Allocations: 3420)
Completed 200 OK in 12ms (Views: 10.9ms | ActiveRecord: 0.0ms | Allocations: 4685)


Started GET "/" for 127.0.0.1 at 2022-06-29 19:56:27 +0530
Processing by MainController#index as HTML
  Rendering layout layouts/application.html.erb
  Rendering main/index.html.erb within layouts/application
  Rendered main/index.html.erb within layouts/application (Duration: 0.8ms | Allocations: 119)
  Rendered shared/_navbar.html.erb (Duration: 0.4ms | Allocations: 347)
  Rendered shared/_flash.html.erb (Duration: 0.2ms | Allocations: 161)
  Rendered layout layouts/application.html.erb (Duration: 7.3ms | Allocations: 3421)
Completed 200 OK in 11ms (Views: 9.7ms | Allocations: 4666)


Started GET "/" for 127.0.0.1 at 2022-06-29 19:56:38 +0530
Processing by MainController#index as HTML
  Rendering layout layouts/application.html.erb
  Rendering main/index.html.erb within layouts/application
  Rendered main/index.html.erb within layouts/application (Duration: 0.2ms | Allocations: 119)
  Rendered shared/_navbar.html.erb (Duration: 0.4ms | Allocations: 347)
  Rendered shared/_flash.html.erb (Duration: 0.5ms | Allocations: 161)
  Rendered layout layouts/application.html.erb (Duration: 3.1ms | Allocations: 3421)
Completed 200 OK in 5ms (Views: 4.2ms | Allocations: 4667)


Started GET "/" for 127.0.0.1 at 2022-06-29 19:59:26 +0530
Processing by MainController#index as HTML
  Rendering layout layouts/application.html.erb
  Rendering main/index.html.erb within layouts/application
  Rendered main/index.html.erb within layouts/application (Duration: 0.2ms | Allocations: 119)
  Rendered shared/_navbar.html.erb (Duration: 0.3ms | Allocations: 347)
  Rendered shared/_flash.html.erb (Duration: 0.3ms | Allocations: 218)
  Rendered layout layouts/application.html.erb (Duration: 3.1ms | Allocations: 3478)
Completed 200 OK in 6ms (Views: 4.4ms | Allocations: 4739)


Started GET "/about" for 127.0.0.1 at 2022-06-29 19:59:29 +0530
Processing by AboutController#index as HTML
  Rendering layout layouts/application.html.erb
  Rendering about/index.html.erb within layouts/application
  Rendered about/index.html.erb within layouts/application (Duration: 0.3ms | Allocations: 115)
  Rendered shared/_navbar.html.erb (Duration: 0.1ms | Allocations: 157)
  Rendered shared/_flash.html.erb (Duration: 0.0ms | Allocations: 39)
  Rendered layout layouts/application.html.erb (Duration: 2.4ms | Allocations: 2957)
Completed 200 OK in 4ms (Views: 3.2ms | Allocations: 3793)


Started GET "/about" for 127.0.0.1 at 2022-06-29 19:59:32 +0530
Processing by AboutController#index as HTML
  Rendering layout layouts/application.html.erb
  Rendering about/index.html.erb within layouts/application
  Rendered about/index.html.erb within layouts/application (Duration: 0.0ms | Allocations: 15)
  Rendered shared/_navbar.html.erb (Duration: 0.2ms | Allocations: 137)
  Rendered shared/_flash.html.erb (Duration: 0.0ms | Allocations: 29)
  Rendered layout layouts/application.html.erb (Duration: 2.1ms | Allocations: 2713)
Completed 200 OK in 3ms (Views: 2.4ms | Allocations: 3032)


Started GET "/" for 127.0.0.1 at 2022-06-29 19:59:36 +0530
Processing by MainController#index as HTML
  Rendering layout layouts/application.html.erb
  Rendering main/index.html.erb within layouts/application
  Rendered main/index.html.erb within layouts/application (Duration: 0.0ms | Allocations: 15)
  Rendered shared/_navbar.html.erb (Duration: 0.1ms | Allocations: 137)
  Rendered shared/_flash.html.erb (Duration: 0.0ms | Allocations: 27)
  Rendered layout layouts/application.html.erb (Duration: 1.7ms | Allocations: 2519)
Completed 200 OK in 3ms (Views: 2.0ms | Allocations: 3049)


Started GET "/" for 127.0.0.1 at 2022-06-29 20:00:25 +0530
Processing by MainController#index as HTML
  Rendering layout layouts/application.html.erb
  Rendering main/index.html.erb within layouts/application
  Rendered main/index.html.erb within layouts/application (Duration: 0.0ms | Allocations: 17)
  Rendered shared/_navbar.html.erb (Duration: 0.1ms | Allocations: 159)
  Rendered shared/_flash.html.erb (Duration: 0.0ms | Allocations: 28)
  Rendered layout layouts/application.html.erb (Duration: 6.5ms | Allocations: 14067)
Completed 200 OK in 8ms (Views: 7.2ms | Allocations: 15080)


Started GET "/" for 127.0.0.1 at 2022-06-29 20:00:27 +0530
Processing by MainController#index as HTML
  Rendering layout layouts/application.html.erb
  Rendering main/index.html.erb within layouts/application
  Rendered main/index.html.erb within layouts/application (Duration: 0.0ms | Allocations: 15)
  Rendered shared/_navbar.html.erb (Duration: 0.1ms | Allocations: 137)
  Rendered shared/_flash.html.erb (Duration: 0.0ms | Allocations: 27)
  Rendered layout layouts/application.html.erb (Duration: 2.0ms | Allocations: 2528)
Completed 200 OK in 3ms (Views: 2.3ms | Allocations: 3072)


Started GET "/about" for 127.0.0.1 at 2022-06-29 20:00:30 +0530
Processing by AboutController#index as HTML
  Rendering layout layouts/application.html.erb
  Rendering about/index.html.erb within layouts/application
  Rendered about/index.html.erb within layouts/application (Duration: 0.0ms | Allocations: 17)
  Rendered shared/_navbar.html.erb (Duration: 0.1ms | Allocations: 158)
  Rendered shared/_flash.html.erb (Duration: 0.0ms | Allocations: 30)
  Rendered layout layouts/application.html.erb (Duration: 2.2ms | Allocations: 2821)
Completed 200 OK in 3ms (Views: 2.9ms | Allocations: 3581)


Started GET "/" for 127.0.0.1 at 2022-06-29 20:00:32 +0530
Processing by MainController#index as HTML
  Rendering layout layouts/application.html.erb
  Rendering main/index.html.erb within layouts/application
  Rendered main/index.html.erb within layouts/application (Duration: 0.2ms | Allocations: 15)
  Rendered shared/_navbar.html.erb (Duration: 0.1ms | Allocations: 137)
  Rendered shared/_flash.html.erb (Duration: 0.0ms | Allocations: 27)
  Rendered layout layouts/application.html.erb (Duration: 2.3ms | Allocations: 2519)
Completed 200 OK in 3ms (Views: 2.9ms | Allocations: 3067)


Started GET "/about" for 127.0.0.1 at 2022-06-29 20:00:35 +0530
Processing by AboutController#index as HTML
  Rendering layout layouts/application.html.erb
  Rendering about/index.html.erb within layouts/application
  Rendered about/index.html.erb within layouts/application (Duration: 0.0ms | Allocations: 15)
  Rendered shared/_navbar.html.erb (Duration: 0.3ms | Allocations: 137)
  Rendered shared/_flash.html.erb (Duration: 0.0ms | Allocations: 29)
  Rendered layout layouts/application.html.erb (Duration: 2.4ms | Allocations: 2717)
Completed 200 OK in 3ms (Views: 2.7ms | Allocations: 3035)


  [1m[35m (10.5ms)[0m  [1m[35mCREATE TABLE "schema_migrations" ("version" character varying NOT NULL PRIMARY KEY)[0m
  [1m[35m (2.0ms)[0m  [1m[35mCREATE TABLE "ar_internal_metadata" ("key" character varying NOT NULL PRIMARY KEY, "value" character varying, "created_at" timestamp(6) NOT NULL, "updated_at" timestamp(6) NOT NULL)[0m
  [1m[35m (0.1ms)[0m  [1m[34mSELECT pg_try_advisory_lock(5254333602139059795)[0m
  [1m[36mActiveRecord::SchemaMigration Pluck (0.2ms)[0m  [1m[34mSELECT "schema_migrations"."version" FROM "schema_migrations" ORDER BY "schema_migrations"."version" ASC[0m
Migrating to CreateUsers (20220629143647)
  [1m[36mTRANSACTION (0.0ms)[0m  [1m[35mBEGIN[0m
  [1m[35m (2.6ms)[0m  [1m[35mCREATE TABLE "users" ("id" bigserial primary key, "email" character varying, "password_digest" character varying, "created_at" timestamp(6) NOT NULL, "updated_at" timestamp(6) NOT NULL)[0m
  [1m[36mActiveRecord::SchemaMigration Create (0.2ms)[0m  [1m[32mINSERT INTO "schema_migrations" ("version") VALUES ($1) RETURNING "version"[0m  [["version", "20220629143647"]]
  [1m[36mTRANSACTION (0.4ms)[0m  [1m[35mCOMMIT[0m
  [1m[36mActiveRecord::InternalMetadata Load (0.1ms)[0m  [1m[34mSELECT "ar_internal_metadata".* FROM "ar_internal_metadata" WHERE "ar_internal_metadata"."key" = $1 LIMIT $2[0m  [["key", "environment"], ["LIMIT", 1]]
  [1m[36mTRANSACTION (0.1ms)[0m  [1m[35mBEGIN[0m
  [1m[36mActiveRecord::InternalMetadata Create (0.2ms)[0m  [1m[32mINSERT INTO "ar_internal_metadata" ("key", "value", "created_at", "updated_at") VALUES ($1, $2, $3, $4) RETURNING "key"[0m  [["key", "environment"], ["value", "development"], ["created_at", "2022-06-29 14:37:08.518236"], ["updated_at", "2022-06-29 14:37:08.518236"]]
  [1m[36mTRANSACTION (0.3ms)[0m  [1m[35mCOMMIT[0m
  [1m[35m (0.1ms)[0m  [1m[34mSELECT pg_advisory_unlock(5254333602139059795)[0m
  [1m[36mActiveRecord::SchemaMigration Pluck (0.2ms)[0m  [1m[34mSELECT "schema_migrations"."version" FROM "schema_migrations" ORDER BY "schema_migrations"."version" ASC[0m
  [1m[36mUser Load (0.5ms)[0m  [1m[34mSELECT "users".* FROM "users"[0m
  [1m[36mTRANSACTION (0.2ms)[0m  [1m[35mBEGIN[0m
  [1m[36mUser Create (0.6ms)[0m  [1m[32mINSERT INTO "users" ("email", "password_digest", "created_at", "updated_at") VALUES ($1, $2, $3, $4) RETURNING "id"[0m  [["email", "rohit@gmail.com"], ["password_digest", "[FILTERED]"], ["created_at", "2022-06-29 15:15:01.256203"], ["updated_at", "2022-06-29 15:15:01.256203"]]
  [1m[36mTRANSACTION (6.8ms)[0m  [1m[35mCOMMIT[0m
