  [1m[35m (26.3ms)[0m  [1m[35mCREATE DATABASE "rails_jwt_development" ENCODING = 'unicode'[0m
  [1m[35m (24.7ms)[0m  [1m[35mCREATE DATABASE "rails_jwt_test" ENCODING = 'unicode'[0m
  [1m[35m (2.9ms)[0m  [1m[35mCREATE TABLE "schema_migrations" ("version" character varying NOT NULL PRIMARY KEY)[0m
  [1m[35m (1.9ms)[0m  [1m[35mCREATE TABLE "ar_internal_metadata" ("key" character varying NOT NULL PRIMARY KEY, "value" character varying, "created_at" timestamp(6) NOT NULL, "updated_at" timestamp(6) NOT NULL)[0m
  [1m[35m (0.1ms)[0m  [1m[34mSELECT pg_try_advisory_lock(7077420035831826135)[0m
  [1m[36mActiveRecord::SchemaMigration Pluck (0.2ms)[0m  [1m[34mSELECT "schema_migrations"."version" FROM "schema_migrations" ORDER BY "schema_migrations"."version" ASC[0m
Migrating to CreateUsers (20220708173535)
  [1m[36mTRANSACTION (0.0ms)[0m  [1m[35mBEGIN[0m
  [1m[35m (2.4ms)[0m  [1m[35mCREATE TABLE "users" ("id" bigserial primary key, "model" character varying, "user" character varying, "name" character varying, "username" character varying, "email" character varying, "password_digest" character varying, "created_at" timestamp(6) NOT NULL, "updated_at" timestamp(6) NOT NULL)[0m
  [1m[36mActiveRecord::SchemaMigration Create (0.2ms)[0m  [1m[32mINSERT INTO "schema_migrations" ("version") VALUES ($1) RETURNING "version"[0m  [["version", "20220708173535"]]
  [1m[36mTRANSACTION (0.4ms)[0m  [1m[35mCOMMIT[0m
  [1m[36mActiveRecord::InternalMetadata Load (0.1ms)[0m  [1m[34mSELECT "ar_internal_metadata".* FROM "ar_internal_metadata" WHERE "ar_internal_metadata"."key" = $1 LIMIT $2[0m  [["key", "environment"], ["LIMIT", 1]]
  [1m[36mTRANSACTION (0.0ms)[0m  [1m[35mBEGIN[0m
  [1m[36mActiveRecord::InternalMetadata Create (0.1ms)[0m  [1m[32mINSERT INTO "ar_internal_metadata" ("key", "value", "created_at", "updated_at") VALUES ($1, $2, $3, $4) RETURNING "key"[0m  [["key", "environment"], ["value", "development"], ["created_at", "2022-07-08 17:36:01.048527"], ["updated_at", "2022-07-08 17:36:01.048527"]]
  [1m[36mTRANSACTION (0.4ms)[0m  [1m[35mCOMMIT[0m
  [1m[35m (0.1ms)[0m  [1m[34mSELECT pg_advisory_unlock(7077420035831826135)[0m
  [1m[36mActiveRecord::SchemaMigration Pluck (0.2ms)[0m  [1m[34mSELECT "schema_migrations"."version" FROM "schema_migrations" ORDER BY "schema_migrations"."version" ASC[0m
Started GET "/users" for ::1 at 2022-07-08 23:12:20 +0530
  [1m[36mActiveRecord::SchemaMigration Pluck (0.3ms)[0m  [1m[34mSELECT "schema_migrations"."version" FROM "schema_migrations" ORDER BY "schema_migrations"."version" ASC[0m
Processing by UsersController#index as */*
Filter chain halted as :authorize_request rendered or redirected
Completed 401 Unauthorized in 1ms (Views: 0.1ms | ActiveRecord: 0.0ms | Allocations: 447)


  [1m[36mActiveRecord::SchemaMigration Pluck (0.2ms)[0m  [1m[34mSELECT "schema_migrations"."version" FROM "schema_migrations" ORDER BY "schema_migrations"."version" ASC[0m
  [1m[36mActiveRecord::SchemaMigration Pluck (0.2ms)[0m  [1m[34mSELECT "schema_migrations"."version" FROM "schema_migrations" ORDER BY "schema_migrations"."version" ASC[0m
  [1m[36mActiveRecord::SchemaMigration Pluck (0.0ms)[0m  [1m[34mSELECT "schema_migrations"."version" FROM "schema_migrations" ORDER BY "schema_migrations"."version" ASC[0m
  [1m[35m (0.0ms)[0m  [1m[34mSELECT pg_try_advisory_lock(7077420035831826135)[0m
  [1m[36mActiveRecord::SchemaMigration Pluck (0.1ms)[0m  [1m[34mSELECT "schema_migrations"."version" FROM "schema_migrations" ORDER BY "schema_migrations"."version" ASC[0m
Migrating to CreateUsers (20220708173535)
  [1m[36mTRANSACTION (0.1ms)[0m  [1m[35mBEGIN[0m
  [1m[35m (0.8ms)[0m  [1m[35mDROP TABLE "users"[0m
  [1m[36mActiveRecord::SchemaMigration Delete All (0.2ms)[0m  [1m[31mDELETE FROM "schema_migrations" WHERE "schema_migrations"."version" = $1[0m  [["version", "20220708173535"]]
  [1m[36mTRANSACTION (1.5ms)[0m  [1m[35mCOMMIT[0m
  [1m[35m (0.1ms)[0m  [1m[34mSELECT pg_advisory_unlock(7077420035831826135)[0m
  [1m[36mActiveRecord::SchemaMigration Pluck (0.2ms)[0m  [1m[34mSELECT "schema_migrations"."version" FROM "schema_migrations" ORDER BY "schema_migrations"."version" ASC[0m
  [1m[35m (0.1ms)[0m  [1m[34mSELECT pg_try_advisory_lock(7077420035831826135)[0m
  [1m[36mActiveRecord::SchemaMigration Pluck (0.2ms)[0m  [1m[34mSELECT "schema_migrations"."version" FROM "schema_migrations" ORDER BY "schema_migrations"."version" ASC[0m
Migrating to CreateUsers (20220708174716)
  [1m[36mTRANSACTION (0.0ms)[0m  [1m[35mBEGIN[0m
  [1m[35m (3.1ms)[0m  [1m[35mCREATE TABLE "users" ("id" bigserial primary key, "name" character varying, "username" character varying, "email" character varying, "password_digest" character varying, "created_at" timestamp(6) NOT NULL, "updated_at" timestamp(6) NOT NULL)[0m
  [1m[36mActiveRecord::SchemaMigration Create (0.1ms)[0m  [1m[32mINSERT INTO "schema_migrations" ("version") VALUES ($1) RETURNING "version"[0m  [["version", "20220708174716"]]
  [1m[36mTRANSACTION (0.4ms)[0m  [1m[35mCOMMIT[0m
  [1m[36mActiveRecord::InternalMetadata Load (0.1ms)[0m  [1m[34mSELECT "ar_internal_metadata".* FROM "ar_internal_metadata" WHERE "ar_internal_metadata"."key" = $1 LIMIT $2[0m  [["key", "environment"], ["LIMIT", 1]]
  [1m[35m (0.1ms)[0m  [1m[34mSELECT pg_advisory_unlock(7077420035831826135)[0m
  [1m[36mActiveRecord::SchemaMigration Pluck (0.2ms)[0m  [1m[34mSELECT "schema_migrations"."version" FROM "schema_migrations" ORDER BY "schema_migrations"."version" ASC[0m
Started GET "/users" for ::1 at 2022-07-08 23:21:37 +0530
  [1m[36mActiveRecord::SchemaMigration Pluck (0.2ms)[0m  [1m[34mSELECT "schema_migrations"."version" FROM "schema_migrations" ORDER BY "schema_migrations"."version" ASC[0m
Processing by UsersController#index as */*
Filter chain halted as :authorize_request rendered or redirected
Completed 401 Unauthorized in 0ms (Views: 0.1ms | ActiveRecord: 0.0ms | Allocations: 414)


  [1m[35m (0.1ms)[0m  [1m[34mSELECT pg_try_advisory_lock(7077420035831826135)[0m
  [1m[36mActiveRecord::SchemaMigration Pluck (0.4ms)[0m  [1m[34mSELECT "schema_migrations"."version" FROM "schema_migrations" ORDER BY "schema_migrations"."version" ASC[0m
Migrating to RemoveColumnsFrom (20220711111913)
  [1m[36mTRANSACTION (0.0ms)[0m  [1m[35mBEGIN[0m
  [1m[35m (1.6ms)[0m  [1m[35mALTER TABLE "users" DROP COLUMN "name"[0m
  [1m[35m (0.1ms)[0m  [1m[35mALTER TABLE "users" DROP COLUMN "email"[0m
  [1m[36mActiveRecord::SchemaMigration Create (0.1ms)[0m  [1m[32mINSERT INTO "schema_migrations" ("version") VALUES ($1) RETURNING "version"[0m  [["version", "20220711111913"]]
  [1m[36mTRANSACTION (0.4ms)[0m  [1m[35mCOMMIT[0m
  [1m[36mActiveRecord::InternalMetadata Load (0.3ms)[0m  [1m[34mSELECT "ar_internal_metadata".* FROM "ar_internal_metadata" WHERE "ar_internal_metadata"."key" = $1 LIMIT $2[0m  [["key", "environment"], ["LIMIT", 1]]
  [1m[35m (0.2ms)[0m  [1m[34mSELECT pg_advisory_unlock(7077420035831826135)[0m
  [1m[36mActiveRecord::SchemaMigration Pluck (0.2ms)[0m  [1m[34mSELECT "schema_migrations"."version" FROM "schema_migrations" ORDER BY "schema_migrations"."version" ASC[0m
Started POST "/users" for ::1 at 2022-07-11 17:00:06 +0530
  [1m[36mActiveRecord::SchemaMigration Pluck (0.2ms)[0m  [1m[34mSELECT "schema_migrations"."version" FROM "schema_migrations" ORDER BY "schema_migrations"."version" ASC[0m
Processing by UsersController#create as */*
Completed 500 Internal Server Error in 7ms (ActiveRecord: 0.0ms | Allocations: 16686)


  
NameError (uninitialized constant User::AvatarUploader):
  
app/models/user.rb:3:in `<class:User>'
app/models/user.rb:1:in `<main>'
app/controllers/users_controller.rb:15:in `create'
Started POST "/users" for ::1 at 2022-07-11 17:01:23 +0530
Processing by UsersController#create as */*
Completed 400 Bad Request in 1ms (ActiveRecord: 0.0ms | Allocations: 994)


  
ActionController::ParameterMissing (param is missing or the value is empty: user):
  
app/controllers/users_controller.rb:44:in `user_params'
app/controllers/users_controller.rb:15:in `create'
Started POST "/users" for ::1 at 2022-07-11 17:03:16 +0530
Processing by UsersController#create as */*
Completed 400 Bad Request in 1ms (ActiveRecord: 0.0ms | Allocations: 901)


  
ActionController::ParameterMissing (param is missing or the value is empty: user):
  
app/controllers/users_controller.rb:44:in `user_params'
app/controllers/users_controller.rb:15:in `create'
Started POST "/users" for ::1 at 2022-07-11 17:04:10 +0530
Processing by UsersController#create as */*
Completed 400 Bad Request in 0ms (ActiveRecord: 0.0ms | Allocations: 126)


  
ActionController::ParameterMissing (param is missing or the value is empty: user):
  
app/controllers/users_controller.rb:44:in `user_params'
app/controllers/users_controller.rb:15:in `create'
Started POST "/users" for ::1 at 2022-07-11 17:04:44 +0530
Processing by UsersController#create as */*
Completed 204 No Content in 0ms (ActiveRecord: 0.0ms | Allocations: 121)


Started POST "/users" for ::1 at 2022-07-11 17:08:16 +0530
Error occurred while parsing request parameters.
Contents:

{
    "user": {
        "username": "rohit"
        "password": "rohitsharma"
    }
}
Processing by UsersController#create as */*
Completed 204 No Content in 0ms (ActiveRecord: 0.0ms | Allocations: 29)


Started POST "/users" for ::1 at 2022-07-11 17:09:36 +0530
Error occurred while parsing request parameters.
Contents:

{
    "user": {
        "username": "rohit"
        "password": "rohitsharma"
    }
}
Processing by UsersController#create as */*
Completed 400 Bad Request in 0ms (ActiveRecord: 0.0ms | Allocations: 199)


  
ActionDispatch::Http::Parameters::ParseError (Error occurred while parsing request parameters):
  
app/controllers/users_controller.rb:44:in `user_params'
app/controllers/users_controller.rb:15:in `create'
Started POST "/users" for ::1 at 2022-07-11 17:11:11 +0530
Error occurred while parsing request parameters.
Contents:

{
    "user": {
        "username": "rohit"
        "password": "rohitsharma"
    }
}
Processing by UsersController#create as */*
Completed 400 Bad Request in 0ms (ActiveRecord: 0.0ms | Allocations: 193)


  
ActionDispatch::Http::Parameters::ParseError (Error occurred while parsing request parameters):
  
app/controllers/users_controller.rb:44:in `user_params'
app/controllers/users_controller.rb:15:in `create'
Started POST "/users" for ::1 at 2022-07-11 17:14:32 +0530
  [1m[36mActiveRecord::SchemaMigration Pluck (0.3ms)[0m  [1m[34mSELECT "schema_migrations"."version" FROM "schema_migrations" ORDER BY "schema_migrations"."version" ASC[0m
Error occurred while parsing request parameters.
Contents:

{
    "user": {
        "username": "sam"
        "password": "samwilson"
    }
}
Processing by UsersController#create as */*
Completed 400 Bad Request in 5ms (ActiveRecord: 0.0ms | Allocations: 14984)


  
ActionDispatch::Http::Parameters::ParseError (Error occurred while parsing request parameters):
  
app/controllers/users_controller.rb:44:in `user_params'
app/controllers/users_controller.rb:15:in `create'
Started POST "/users" for ::1 at 2022-07-11 17:14:50 +0530
Error occurred while parsing request parameters.
Contents:

{
    "user": {
        "username": "sam"
        "password_digest": "samwilson"
    }
}
Processing by UsersController#create as */*
Completed 400 Bad Request in 0ms (ActiveRecord: 0.0ms | Allocations: 117)


  
ActionDispatch::Http::Parameters::ParseError (Error occurred while parsing request parameters):
  
app/controllers/users_controller.rb:44:in `user_params'
app/controllers/users_controller.rb:15:in `create'
Started POST "/users" for ::1 at 2022-07-11 17:17:12 +0530
Error occurred while parsing request parameters.
Contents:

{
    "user": {
        "username": "sam"
        "password_digest": "samwilson"
    }
}
Processing by UsersController#create as */*
Completed 400 Bad Request in 0ms (ActiveRecord: 0.0ms | Allocations: 158)


  
ActionDispatch::Http::Parameters::ParseError (Error occurred while parsing request parameters):
  
app/controllers/users_controller.rb:16:in `user_params'
app/controllers/users_controller.rb:3:in `create'
Started POST "/users" for ::1 at 2022-07-11 17:17:21 +0530
Error occurred while parsing request parameters.
Contents:

{
    "user": {
        "username": "sam"
        "password": "samwilson"
    }
}
Processing by UsersController#create as */*
Completed 400 Bad Request in 0ms (ActiveRecord: 0.0ms | Allocations: 112)


  
ActionDispatch::Http::Parameters::ParseError (Error occurred while parsing request parameters):
  
app/controllers/users_controller.rb:16:in `user_params'
app/controllers/users_controller.rb:3:in `create'
Started POST "/users" for ::1 at 2022-07-11 17:25:33 +0530
  [1m[36mActiveRecord::SchemaMigration Pluck (0.2ms)[0m  [1m[34mSELECT "schema_migrations"."version" FROM "schema_migrations" ORDER BY "schema_migrations"."version" ASC[0m
Error occurred while parsing request parameters.
Contents:

{
    "user": {
        "username": "sam"
        "password": "samwilson"
    }
}
Processing by UsersController#create as */*
Completed 400 Bad Request in 5ms (ActiveRecord: 0.0ms | Allocations: 14984)


  
ActionDispatch::Http::Parameters::ParseError (Error occurred while parsing request parameters):
  
app/controllers/users_controller.rb:44:in `user_params'
app/controllers/users_controller.rb:15:in `create'
Started POST "/users" for ::1 at 2022-07-11 17:26:42 +0530
Error occurred while parsing request parameters.
Contents:

{
    "user": {
        "username": "sam"
        "password": "samwilson"
    }
}
Processing by UsersController#create as */*
Completed 400 Bad Request in 0ms (ActiveRecord: 0.0ms | Allocations: 196)


  
ActionDispatch::Http::Parameters::ParseError (Error occurred while parsing request parameters):
  
app/controllers/users_controller.rb:44:in `user_params'
app/controllers/users_controller.rb:15:in `create'
Started GET "/users" for ::1 at 2022-07-11 17:29:52 +0530
  [1m[36mActiveRecord::SchemaMigration Pluck (0.2ms)[0m  [1m[34mSELECT "schema_migrations"."version" FROM "schema_migrations" ORDER BY "schema_migrations"."version" ASC[0m
Error occurred while parsing request parameters.
Contents:

{
    "user": {
        "username": "sam"
        "password": "samwilson"
    }
}
Processing by UsersController#index as */*
Filter chain halted as :authorize_request rendered or redirected
Completed 401 Unauthorized in 1ms (Views: 0.2ms | ActiveRecord: 0.0ms | Allocations: 460)


Started GET "/users" for ::1 at 2022-07-11 17:33:40 +0530
Error occurred while parsing request parameters.
Contents:

{
    "user": {
        "username": "sam"
        "password": "samwilson"
    }
}
Processing by UsersController#index as */*
Filter chain halted as :authorize_request rendered or redirected
Completed 401 Unauthorized in 0ms (Views: 0.1ms | ActiveRecord: 0.0ms | Allocations: 296)


Started GET "/users" for ::1 at 2022-07-11 17:35:09 +0530
  
NoMethodError (undefined method `protect_from_forgery' for ApplicationController:Class):
  
app/controllers/application_controller.rb:2:in `<class:ApplicationController>'
app/controllers/application_controller.rb:1:in `<main>'
app/controllers/users_controller.rb:1:in `<main>'
Error occurred while parsing request parameters.
Contents:

{
    "user": {
        "username": "sam"
        "password": "samwilson"
    }
}
Started GET "/users" for ::1 at 2022-07-11 17:36:27 +0530
Error occurred while parsing request parameters.
Contents:

{
    "user": {
        "username": "sam"
        "password": "samwilson"
    }
}
Processing by UsersController#index as */*
Filter chain halted as :authorize_request rendered or redirected
Completed 401 Unauthorized in 1ms (Views: 0.1ms | ActiveRecord: 0.0ms | Allocations: 298)


Started GET "/users" for ::1 at 2022-07-11 17:41:41 +0530
Error occurred while parsing request parameters.
Contents:

{
    "user": {
        "username": "sam"
        "password": "samwilson"
    }
}
Processing by UsersController#index as */*
Filter chain halted as :authorize_request rendered or redirected
Completed 401 Unauthorized in 0ms (Views: 0.1ms | ActiveRecord: 0.0ms | Allocations: 128)


Started GET "/users" for ::1 at 2022-07-11 17:41:47 +0530
Processing by UsersController#index as */*
  Parameters: {"user"=>{}}
Filter chain halted as :authorize_request rendered or redirected
Completed 401 Unauthorized in 0ms (Views: 0.1ms | ActiveRecord: 1.2ms | Allocations: 115)


Started POST "/users" for ::1 at 2022-07-11 17:43:44 +0530
Processing by UsersController#create as */*
  Parameters: {"id"=>1, "username"=>"rohitt", "password"=>"[FILTERED]", "password_confirmation"=>"[FILTERED]", "user"=>{"id"=>1, "username"=>"rohitt"}}
[31mUnpermitted parameters: :id, :user. Context: { controller: UsersController, action: create, request: #<ActionDispatch::Request:0x00007f8d3c376ec0>, params: {"id"=>1, "username"=>"rohitt", "password"=>"[FILTERED]", "password_confirmation"=>"[FILTERED]", "controller"=>"users", "action"=>"create", "user"=>{"id"=>1, "username"=>"rohitt"}} }[0m
  [1m[36mTRANSACTION (0.1ms)[0m  [1m[35mBEGIN[0m
  ↳ app/controllers/users_controller.rb:19:in `create'
  [1m[36mUser Exists? (1.3ms)[0m  [1m[34mSELECT 1 AS one FROM "users" WHERE "users"."username" = $1 LIMIT $2[0m  [["username", "rohitt"], ["LIMIT", 1]]
  ↳ app/controllers/users_controller.rb:19:in `create'
  [1m[36mUser Create (0.6ms)[0m  [1m[32mINSERT INTO "users" ("username", "password_digest", "created_at", "updated_at") VALUES ($1, $2, $3, $4) RETURNING "id"[0m  [["username", "rohitt"], ["password_digest", "[FILTERED]"], ["created_at", "2022-07-11 12:13:44.291767"], ["updated_at", "2022-07-11 12:13:44.291767"]]
  ↳ app/controllers/users_controller.rb:19:in `create'
  [1m[36mTRANSACTION (0.4ms)[0m  [1m[35mCOMMIT[0m
  ↳ app/controllers/users_controller.rb:19:in `create'
Completed 201 Created in 176ms (Views: 0.2ms | ActiveRecord: 3.3ms | Allocations: 21934)


Started POST "/users" for ::1 at 2022-07-11 17:47:03 +0530
Processing by UsersController#create as */*
  Parameters: {"id"=>1, "username"=>"rohitt", "password"=>"[FILTERED]", "password_confirmation"=>"[FILTERED]", "user"=>{"id"=>1, "username"=>"rohitt"}}
[31mUnpermitted parameters: :id, :user. Context: { controller: UsersController, action: create, request: #<ActionDispatch::Request:0x00007f8d3c589d20>, params: {"id"=>1, "username"=>"rohitt", "password"=>"[FILTERED]", "password_confirmation"=>"[FILTERED]", "controller"=>"users", "action"=>"create", "user"=>{"id"=>1, "username"=>"rohitt"}} }[0m
  [1m[36mTRANSACTION (0.2ms)[0m  [1m[35mBEGIN[0m
  ↳ app/controllers/users_controller.rb:19:in `create'
  [1m[36mUser Exists? (0.2ms)[0m  [1m[34mSELECT 1 AS one FROM "users" WHERE "users"."username" = $1 LIMIT $2[0m  [["username", "rohitt"], ["LIMIT", 1]]
  ↳ app/controllers/users_controller.rb:19:in `create'
  [1m[36mTRANSACTION (0.1ms)[0m  [1m[31mROLLBACK[0m
  ↳ app/controllers/users_controller.rb:19:in `create'
Completed 422 Unprocessable Entity in 174ms (Views: 0.1ms | ActiveRecord: 0.4ms | Allocations: 5255)


Started POST "/auth/login" for ::1 at 2022-07-11 17:53:15 +0530
Processing by AuthenticationController#login as */*
  Parameters: {"id"=>1, "username"=>"rohitt", "password"=>"[FILTERED]", "password_confirmation"=>"[FILTERED]", "authentication"=>{"id"=>1, "username"=>"rohitt", "password"=>"[FILTERED]", "password_confirmation"=>"[FILTERED]"}}
Completed 500 Internal Server Error in 6ms (Allocations: 3424)


  
NoMethodError (undefined method `find_by_email' for User:Class
Did you mean?  find_by_sql):
  
app/controllers/authentication_controller.rb:5:in `login'
Started POST "/auth/login" for ::1 at 2022-07-11 17:53:42 +0530
Processing by AuthenticationController#login as */*
  Parameters: {"id"=>1, "username"=>"rohitt", "password"=>"[FILTERED]", "password_confirmation"=>"[FILTERED]", "authentication"=>{"id"=>1, "username"=>"rohitt", "password"=>"[FILTERED]", "password_confirmation"=>"[FILTERED]"}}
  [1m[36mUser Load (0.1ms)[0m  [1m[34mSELECT "users".* FROM "users" WHERE "users"."username" IS NULL LIMIT $1[0m  [["LIMIT", 1]]
  ↳ app/controllers/authentication_controller.rb:5:in `login'
Completed 401 Unauthorized in 8ms (Views: 0.2ms | ActiveRecord: 2.5ms | Allocations: 4958)


Started POST "/auth/login" for ::1 at 2022-07-11 17:55:24 +0530
Processing by AuthenticationController#login as */*
  Parameters: {"id"=>1, "username"=>"rohitt", "password"=>"[FILTERED]", "password_confirmation"=>"[FILTERED]", "authentication"=>{"id"=>1, "username"=>"rohitt", "password"=>"[FILTERED]", "password_confirmation"=>"[FILTERED]"}}
  [1m[36mUser Load (0.1ms)[0m  [1m[34mSELECT "users".* FROM "users" WHERE "users"."username" IS NULL LIMIT $1[0m  [["LIMIT", 1]]
  ↳ app/controllers/authentication_controller.rb:5:in `login'
Completed 401 Unauthorized in 1ms (Views: 0.1ms | ActiveRecord: 0.1ms | Allocations: 674)


Started GET "/" for ::1 at 2022-07-11 17:55:34 +0530
Processing by Rails::WelcomeController#index as */*
  Parameters: {"id"=>1, "username"=>"rohitt", "password"=>"[FILTERED]", "password_confirmation"=>"[FILTERED]", "welcome"=>{"id"=>1, "username"=>"rohitt", "password"=>"[FILTERED]", "password_confirmation"=>"[FILTERED]"}}
  Rendering /home/itsacheckmate/.rvm/gems/ruby-3.0.0/gems/railties-7.0.3/lib/rails/templates/rails/welcome/index.html.erb
  Rendered /home/itsacheckmate/.rvm/gems/ruby-3.0.0/gems/railties-7.0.3/lib/rails/templates/rails/welcome/index.html.erb (Duration: 1.0ms | Allocations: 737)
Completed 200 OK in 8ms (Views: 3.4ms | ActiveRecord: 0.0ms | Allocations: 6851)


Started GET "/" for ::1 at 2022-07-11 17:56:08 +0530
Processing by Rails::WelcomeController#index as */*
  Parameters: {"id"=>1, "username"=>"rohitt", "password"=>"[FILTERED]", "password_confirmation"=>"[FILTERED]", "welcome"=>{"id"=>1, "username"=>"rohitt", "password"=>"[FILTERED]", "password_confirmation"=>"[FILTERED]"}}
  Rendering /home/itsacheckmate/.rvm/gems/ruby-3.0.0/gems/railties-7.0.3/lib/rails/templates/rails/welcome/index.html.erb
  Rendered /home/itsacheckmate/.rvm/gems/ruby-3.0.0/gems/railties-7.0.3/lib/rails/templates/rails/welcome/index.html.erb (Duration: 0.4ms | Allocations: 369)
Completed 200 OK in 1ms (Views: 1.0ms | ActiveRecord: 0.0ms | Allocations: 1245)


Started GET "/users" for ::1 at 2022-07-11 17:56:18 +0530
Processing by UsersController#index as */*
  Parameters: {"id"=>1, "username"=>"rohitt", "password"=>"[FILTERED]", "password_confirmation"=>"[FILTERED]", "user"=>{"id"=>1, "username"=>"rohitt"}}
Filter chain halted as :authorize_request rendered or redirected
Completed 401 Unauthorized in 1ms (Views: 0.1ms | ActiveRecord: 1.9ms | Allocations: 284)


Started GET "/users" for ::1 at 2022-07-11 17:57:09 +0530
Processing by UsersController#index as */*
Filter chain halted as :authorize_request rendered or redirected
Completed 401 Unauthorized in 0ms (Views: 0.1ms | ActiveRecord: 0.0ms | Allocations: 117)


Started POST "/users" for ::1 at 2022-07-11 17:58:22 +0530
Processing by UsersController#create as */*
  Parameters: {"id"=>2, "username"=>"sam12", "password"=>"[FILTERED]", "password_confirmation"=>"[FILTERED]", "user"=>{"id"=>2, "username"=>"sam12"}}
[31mUnpermitted parameters: :id, :user. Context: { controller: UsersController, action: create, request: #<ActionDispatch::Request:0x00007f8d34291b48>, params: {"id"=>2, "username"=>"sam12", "password"=>"[FILTERED]", "password_confirmation"=>"[FILTERED]", "controller"=>"users", "action"=>"create", "user"=>{"id"=>2, "username"=>"sam12"}} }[0m
  [1m[36mTRANSACTION (0.1ms)[0m  [1m[35mBEGIN[0m
  ↳ app/controllers/users_controller.rb:19:in `create'
  [1m[36mUser Exists? (0.4ms)[0m  [1m[34mSELECT 1 AS one FROM "users" WHERE "users"."username" = $1 LIMIT $2[0m  [["username", "sam12"], ["LIMIT", 1]]
  ↳ app/controllers/users_controller.rb:19:in `create'
  [1m[36mUser Create (0.2ms)[0m  [1m[32mINSERT INTO "users" ("username", "password_digest", "created_at", "updated_at") VALUES ($1, $2, $3, $4) RETURNING "id"[0m  [["username", "sam12"], ["password_digest", "[FILTERED]"], ["created_at", "2022-07-11 12:28:23.105807"], ["updated_at", "2022-07-11 12:28:23.105807"]]
  ↳ app/controllers/users_controller.rb:19:in `create'
  [1m[36mTRANSACTION (6.6ms)[0m  [1m[35mCOMMIT[0m
  ↳ app/controllers/users_controller.rb:19:in `create'
Completed 201 Created in 174ms (Views: 0.2ms | ActiveRecord: 8.2ms | Allocations: 4146)


Started POST "/auth/login" for ::1 at 2022-07-11 17:59:14 +0530
Processing by AuthenticationController#login as */*
  Parameters: {"username"=>"sam12", "password"=>"[FILTERED]", "authentication"=>{"username"=>"sam12", "password"=>"[FILTERED]"}}
  [1m[36mUser Load (0.1ms)[0m  [1m[34mSELECT "users".* FROM "users" WHERE "users"."username" IS NULL LIMIT $1[0m  [["LIMIT", 1]]
  ↳ app/controllers/authentication_controller.rb:5:in `login'
Completed 401 Unauthorized in 1ms (Views: 0.1ms | ActiveRecord: 0.1ms | Allocations: 980)


Started POST "/auth/login" for ::1 at 2022-07-11 18:01:26 +0530
Processing by AuthenticationController#login as */*
  Parameters: {"username"=>"sam12", "password"=>"[FILTERED]", "authentication"=>{"username"=>"sam12", "password"=>"[FILTERED]"}}
  [1m[36mUser Load (0.1ms)[0m  [1m[34mSELECT "users".* FROM "users" WHERE "users"."username" IS NULL LIMIT $1[0m  [["LIMIT", 1]]
  ↳ app/controllers/authentication_controller.rb:5:in `login'
Completed 401 Unauthorized in 1ms (Views: 0.1ms | ActiveRecord: 0.1ms | Allocations: 670)


Started POST "/auth/login" for ::1 at 2022-07-11 18:02:40 +0530
Processing by AuthenticationController#login as */*
  Parameters: {"query"=>"\n    query IntrospectionQuery {\n      __schema {\n        queryType { name }\n        mutationType { name }\n        subscriptionType { name }\n        types {\n          ...FullType\n        }\n        directives {\n          name\n          description\n          locations\n          args {\n            ...InputValue\n          }\n        }\n      }\n    }\n\n    fragment FullType on __Type {\n      kind\n      name\n      description\n      fields(includeDeprecated: true) {\n        name\n        description\n        args {\n          ...InputValue\n        }\n        type {\n          ...TypeRef\n        }\n        isDeprecated\n        deprecationReason\n      }\n      inputFields {\n        ...InputValue\n      }\n      interfaces {\n        ...TypeRef\n      }\n      enumValues(includeDeprecated: true) {\n        name\n        description\n        isDeprecated\n        deprecationReason\n      }\n      possibleTypes {\n        ...TypeRef\n      }\n    }\n\n    fragment InputValue on __InputValue {\n      name\n      description\n      type { ...TypeRef }\n      defaultValue\n    }\n\n    fragment TypeRef on __Type {\n      kind\n      name\n      ofType {\n        kind\n        name\n        ofType {\n          kind\n          name\n          ofType {\n            kind\n            name\n            ofType {\n              kind\n              name\n              ofType {\n                kind\n                name\n                ofType {\n                  kind\n                  name\n                  ofType {\n                    kind\n                    name\n                  }\n                }\n              }\n            }\n          }\n        }\n      }\n    }\n  ", "authentication"=>{"query"=>"\n    query IntrospectionQuery {\n      __schema {\n        queryType { name }\n        mutationType { name }\n        subscriptionType { name }\n        types {\n          ...FullType\n        }\n        directives {\n          name\n          description\n          locations\n          args {\n            ...InputValue\n          }\n        }\n      }\n    }\n\n    fragment FullType on __Type {\n      kind\n      name\n      description\n      fields(includeDeprecated: true) {\n        name\n        description\n        args {\n          ...InputValue\n        }\n        type {\n          ...TypeRef\n        }\n        isDeprecated\n        deprecationReason\n      }\n      inputFields {\n        ...InputValue\n      }\n      interfaces {\n        ...TypeRef\n      }\n      enumValues(includeDeprecated: true) {\n        name\n        description\n        isDeprecated\n        deprecationReason\n      }\n      possibleTypes {\n        ...TypeRef\n      }\n    }\n\n    fragment InputValue on __InputValue {\n      name\n      description\n      type { ...TypeRef }\n      defaultValue\n    }\n\n    fragment TypeRef on __Type {\n      kind\n      name\n      ofType {\n        kind\n        name\n        ofType {\n          kind\n          name\n          ofType {\n            kind\n            name\n            ofType {\n              kind\n              name\n              ofType {\n                kind\n                name\n                ofType {\n                  kind\n                  name\n                  ofType {\n                    kind\n                    name\n                  }\n                }\n              }\n            }\n          }\n        }\n      }\n    }\n  "}}
  [1m[36mUser Load (0.1ms)[0m  [1m[34mSELECT "users".* FROM "users" WHERE "users"."username" IS NULL LIMIT $1[0m  [["LIMIT", 1]]
  ↳ app/controllers/authentication_controller.rb:5:in `login'
Completed 401 Unauthorized in 1ms (Views: 0.1ms | ActiveRecord: 0.1ms | Allocations: 669)


Started POST "/auth/login" for ::1 at 2022-07-11 18:05:07 +0530
Processing by AuthenticationController#login as */*
  Parameters: {"username"=>"sam12", "password"=>"[FILTERED]", "authentication"=>{"username"=>"sam12", "password"=>"[FILTERED]"}}
  [1m[36mUser Load (0.1ms)[0m  [1m[34mSELECT "users".* FROM "users" WHERE "users"."username" IS NULL LIMIT $1[0m  [["LIMIT", 1]]
  ↳ app/controllers/authentication_controller.rb:5:in `login'
Completed 500 Internal Server Error in 5ms (Views: 0.1ms | ActiveRecord: 0.8ms | Allocations: 4120)


  
NameError (undefined local variable or method `error' for #<AuthenticationController:0x0000000001ea50>):
  
app/controllers/authentication_controller.rb:13:in `login'
Started POST "/auth/login" for ::1 at 2022-07-11 18:05:24 +0530
Processing by AuthenticationController#login as */*
  Parameters: {"username"=>"sam12", "password"=>"[FILTERED]", "authentication"=>{"username"=>"sam12", "password"=>"[FILTERED]"}}
  [1m[36mUser Load (0.1ms)[0m  [1m[34mSELECT "users".* FROM "users" WHERE "users"."username" IS NULL LIMIT $1[0m  [["LIMIT", 1]]
  ↳ app/controllers/authentication_controller.rb:5:in `login'
Completed 401 Unauthorized in 3ms (Views: 0.1ms | ActiveRecord: 1.0ms | Allocations: 2171)


Started POST "/auth/login" for ::1 at 2022-07-11 18:07:08 +0530
Processing by AuthenticationController#login as */*
  Parameters: {"username"=>"sam12", "password"=>"[FILTERED]", "authentication"=>{"username"=>"sam12", "password"=>"[FILTERED]"}}
  [1m[36mUser Load (0.1ms)[0m  [1m[34mSELECT "users".* FROM "users" WHERE "users"."username" = $1 LIMIT $2[0m  [["username", "sam12"], ["LIMIT", 1]]
  ↳ app/controllers/authentication_controller.rb:5:in `login'
Completed 200 OK in 166ms (Views: 0.2ms | ActiveRecord: 1.5ms | Allocations: 3483)


Started POST "/users" for ::1 at 2022-07-11 18:11:11 +0530
Processing by UsersController#create as */*
  Parameters: {"username"=>"sam12", "password"=>"[FILTERED]", "user"=>{"username"=>"sam12"}}
[31mUnpermitted parameter: :user. Context: { controller: UsersController, action: create, request: #<ActionDispatch::Request:0x00007f8d3c25da48>, params: {"username"=>"sam12", "password"=>"[FILTERED]", "controller"=>"users", "action"=>"create", "user"=>{"username"=>"sam12"}} }[0m
  [1m[36mTRANSACTION (0.1ms)[0m  [1m[35mBEGIN[0m
  ↳ app/controllers/users_controller.rb:19:in `create'
  [1m[36mUser Exists? (0.3ms)[0m  [1m[34mSELECT 1 AS one FROM "users" WHERE "users"."username" = $1 LIMIT $2[0m  [["username", "sam12"], ["LIMIT", 1]]
  ↳ app/controllers/users_controller.rb:19:in `create'
  [1m[36mTRANSACTION (0.0ms)[0m  [1m[31mROLLBACK[0m
  ↳ app/controllers/users_controller.rb:19:in `create'
Completed 422 Unprocessable Entity in 165ms (Views: 0.1ms | ActiveRecord: 0.4ms | Allocations: 2911)


Started GET "/users" for ::1 at 2022-07-11 18:11:20 +0530
Processing by UsersController#index as */*
  Parameters: {"user"=>{}}
Filter chain halted as :authorize_request rendered or redirected
Completed 401 Unauthorized in 0ms (Views: 0.1ms | ActiveRecord: 0.0ms | Allocations: 120)


Started GET "/users" for ::1 at 2022-07-11 18:11:49 +0530
Processing by UsersController#index as */*
Filter chain halted as :authorize_request rendered or redirected
Completed 401 Unauthorized in 0ms (Views: 0.1ms | ActiveRecord: 0.0ms | Allocations: 123)


Started POST "/auth/login" for ::1 at 2022-07-11 18:13:03 +0530
Processing by AuthenticationController#login as */*
  Parameters: {"username"=>"sam12", "password"=>"[FILTERED]", "authentication"=>{"username"=>"sam12", "password"=>"[FILTERED]"}}
  [1m[36mUser Load (0.1ms)[0m  [1m[34mSELECT "users".* FROM "users" WHERE "users"."username" = $1 LIMIT $2[0m  [["username", "sam12"], ["LIMIT", 1]]
  ↳ app/controllers/authentication_controller.rb:5:in `login'
Completed 200 OK in 162ms (Views: 0.2ms | ActiveRecord: 0.1ms | Allocations: 659)


Started GET "/auth/login" for ::1 at 2022-07-11 18:13:26 +0530
Processing by ApplicationController#not_found as */*
  Parameters: {"a"=>"auth/login"}
Completed 200 OK in 0ms (Views: 0.1ms | ActiveRecord: 0.0ms | Allocations: 135)


Started GET "/auth/login" for ::1 at 2022-07-11 18:13:34 +0530
Processing by ApplicationController#not_found as */*
  Parameters: {"a"=>"auth/login"}
Completed 200 OK in 0ms (Views: 0.1ms | ActiveRecord: 0.0ms | Allocations: 94)


Started GET "/users" for ::1 at 2022-07-11 18:14:32 +0530
Processing by UsersController#index as */*
Filter chain halted as :authorize_request rendered or redirected
Completed 401 Unauthorized in 0ms (Views: 0.1ms | ActiveRecord: 0.0ms | Allocations: 131)


Started GET "/users" for ::1 at 2022-07-11 18:20:27 +0530
Processing by UsersController#index as */*
Filter chain halted as :authorize_request rendered or redirected
Completed 401 Unauthorized in 0ms (Views: 0.1ms | Allocations: 128)


Started GET "/users/sam12" for ::1 at 2022-07-11 18:23:12 +0530
Processing by UsersController#show as */*
  Parameters: {"_username"=>"sam12"}
Filter chain halted as :authorize_request rendered or redirected
Completed 401 Unauthorized in 0ms (Views: 0.1ms | Allocations: 128)


Started POST "/users" for ::1 at 2022-07-11 18:23:39 +0530
Processing by UsersController#create as */*
  [1m[36mTRANSACTION (0.1ms)[0m  [1m[35mBEGIN[0m
  ↳ app/controllers/users_controller.rb:19:in `create'
  [1m[36mUser Exists? (0.2ms)[0m  [1m[34mSELECT 1 AS one FROM "users" WHERE "users"."username" IS NULL LIMIT $1[0m  [["LIMIT", 1]]
  ↳ app/controllers/users_controller.rb:19:in `create'
  [1m[36mTRANSACTION (0.0ms)[0m  [1m[31mROLLBACK[0m
  ↳ app/controllers/users_controller.rb:19:in `create'
Completed 422 Unprocessable Entity in 9ms (Views: 0.1ms | ActiveRecord: 2.4ms | Allocations: 6012)


Started POST "/users" for ::1 at 2022-07-11 18:24:08 +0530
Processing by UsersController#create as */*
  Parameters: {"username"=>"userone", "password"=>"[FILTERED]", "user"=>{"username"=>"userone"}}
[31mUnpermitted parameter: :user. Context: { controller: UsersController, action: create, request: #<ActionDispatch::Request:0x00007f8d3c63f378>, params: {"username"=>"userone", "password"=>"[FILTERED]", "controller"=>"users", "action"=>"create", "user"=>{"username"=>"userone"}} }[0m
  [1m[36mTRANSACTION (0.2ms)[0m  [1m[35mBEGIN[0m
  ↳ app/controllers/users_controller.rb:19:in `create'
  [1m[36mUser Exists? (0.4ms)[0m  [1m[34mSELECT 1 AS one FROM "users" WHERE "users"."username" = $1 LIMIT $2[0m  [["username", "userone"], ["LIMIT", 1]]
  ↳ app/controllers/users_controller.rb:19:in `create'
  [1m[36mUser Create (0.3ms)[0m  [1m[32mINSERT INTO "users" ("username", "password_digest", "created_at", "updated_at") VALUES ($1, $2, $3, $4) RETURNING "id"[0m  [["username", "userone"], ["password_digest", "[FILTERED]"], ["created_at", "2022-07-11 12:54:08.497719"], ["updated_at", "2022-07-11 12:54:08.497719"]]
  ↳ app/controllers/users_controller.rb:19:in `create'
  [1m[36mTRANSACTION (6.6ms)[0m  [1m[35mCOMMIT[0m
  ↳ app/controllers/users_controller.rb:19:in `create'
Completed 201 Created in 172ms (Views: 0.3ms | ActiveRecord: 7.5ms | Allocations: 2766)


Started POST "/auth/login" for ::1 at 2022-07-11 18:24:36 +0530
Processing by AuthenticationController#login as */*
  Parameters: {"username"=>"userone", "password"=>"[FILTERED]", "authentication"=>{"username"=>"userone", "password"=>"[FILTERED]"}}
  [1m[36mUser Load (0.1ms)[0m  [1m[34mSELECT "users".* FROM "users" WHERE "users"."username" = $1 LIMIT $2[0m  [["username", "userone"], ["LIMIT", 1]]
  ↳ app/controllers/authentication_controller.rb:5:in `login'
Completed 200 OK in 162ms (Views: 0.2ms | ActiveRecord: 0.1ms | Allocations: 738)


Started GET "/user/userone" for ::1 at 2022-07-11 18:25:12 +0530
Processing by ApplicationController#not_found as */*
  Parameters: {"username"=>"userone", "password"=>"[FILTERED]", "a"=>"user/userone", "application"=>{"username"=>"userone", "password"=>"[FILTERED]"}}
Completed 200 OK in 0ms (Views: 0.1ms | ActiveRecord: 0.0ms | Allocations: 94)


Started GET "/user/userone" for ::1 at 2022-07-11 18:26:26 +0530
Processing by ApplicationController#not_found as */*
  Parameters: {"username"=>"userone", "password"=>"[FILTERED]", "a"=>"user/userone", "application"=>{"username"=>"userone", "password"=>"[FILTERED]"}}
Completed 200 OK in 0ms (Views: 0.1ms | ActiveRecord: 0.0ms | Allocations: 148)


Started GET "/user/userone" for ::1 at 2022-07-11 18:26:46 +0530
Processing by ApplicationController#not_found as */*
  Parameters: {"username"=>"userone", "password"=>"[FILTERED]", "a"=>"user/userone", "application"=>{"username"=>"userone", "password"=>"[FILTERED]"}}
Completed 200 OK in 0ms (Views: 0.1ms | ActiveRecord: 0.0ms | Allocations: 148)


Started GET "/user/sam12" for ::1 at 2022-07-11 18:28:08 +0530
Processing by ApplicationController#not_found as */*
  Parameters: {"username"=>"userone", "password"=>"[FILTERED]", "a"=>"user/sam12", "application"=>{"username"=>"userone", "password"=>"[FILTERED]"}}
Completed 200 OK in 0ms (Views: 0.1ms | ActiveRecord: 0.0ms | Allocations: 148)


Started GET "/user/userone" for ::1 at 2022-07-11 18:28:54 +0530
Processing by ApplicationController#not_found as */*
  Parameters: {"\"Authorization\n\""=>"eyJhbGciOiJIUzI1NiJ9.eyJ1c2VyX2lkIjozLCJleHAiOjE2NTc2MzA0NzZ9.dek8K6u40imItidMqUq-1CipiCMGkmeOF0zUO2sTvEY", "a"=>"user/userone"}
Completed 200 OK in 0ms (Views: 0.1ms | ActiveRecord: 0.0ms | Allocations: 94)


Started GET "/user/userone" for ::1 at 2022-07-11 18:29:00 +0530
Processing by ApplicationController#not_found as */*
  Parameters: {"\"Authorization\n\""=>"eyJhbGciOiJIUzI1NiJ9.eyJ1c2VyX2lkIjozLCJleHAiOjE2NTc2MzA0NzZ9.dek8K6u40imItidMqUq-1CipiCMGkmeOF0zUO2sTvEY", "a"=>"user/userone"}
Completed 200 OK in 0ms (Views: 0.2ms | ActiveRecord: 0.0ms | Allocations: 94)


Started POST "/users" for ::1 at 2022-07-11 18:30:43 +0530
Processing by UsersController#create as */*
  Parameters: {"id"=>4, "username"=>"usertwo", "password"=>"[FILTERED]", "application"=>{"id"=>4, "username"=>"usertwo", "password"=>"[FILTERED]"}}
[31mUnpermitted parameters: :id, :application. Context: { controller: UsersController, action: create, request: #<ActionDispatch::Request:0x00007f8d440d9c28>, params: {"id"=>4, "username"=>"usertwo", "password"=>"[FILTERED]", "controller"=>"users", "action"=>"create", "application"=>{"id"=>4, "username"=>"usertwo", "password"=>"[FILTERED]"}} }[0m
  [1m[36mTRANSACTION (0.1ms)[0m  [1m[35mBEGIN[0m
  ↳ app/controllers/users_controller.rb:19:in `create'
  [1m[36mUser Exists? (0.2ms)[0m  [1m[34mSELECT 1 AS one FROM "users" WHERE "users"."username" = $1 LIMIT $2[0m  [["username", "usertwo"], ["LIMIT", 1]]
  ↳ app/controllers/users_controller.rb:19:in `create'
  [1m[36mUser Create (0.2ms)[0m  [1m[32mINSERT INTO "users" ("username", "password_digest", "created_at", "updated_at") VALUES ($1, $2, $3, $4) RETURNING "id"[0m  [["username", "usertwo"], ["password_digest", "[FILTERED]"], ["created_at", "2022-07-11 13:00:43.200747"], ["updated_at", "2022-07-11 13:00:43.200747"]]
  ↳ app/controllers/users_controller.rb:19:in `create'
  [1m[36mTRANSACTION (1.2ms)[0m  [1m[35mCOMMIT[0m
  ↳ app/controllers/users_controller.rb:19:in `create'
Completed 201 Created in 171ms (Views: 0.2ms | ActiveRecord: 4.0ms | Allocations: 5413)


Started POST "/auth/login" for ::1 at 2022-07-11 18:31:14 +0530
Processing by AuthenticationController#login as */*
  Parameters: {"username"=>"usertwo", "password"=>"[FILTERED]", "application"=>{"username"=>"usertwo", "password"=>"[FILTERED]"}}
  [1m[36mUser Load (0.2ms)[0m  [1m[34mSELECT "users".* FROM "users" WHERE "users"."username" = $1 LIMIT $2[0m  [["username", "usertwo"], ["LIMIT", 1]]
  ↳ app/controllers/authentication_controller.rb:5:in `login'
Completed 200 OK in 163ms (Views: 0.2ms | ActiveRecord: 0.2ms | Allocations: 1144)


Started GET "/users/usertwo" for ::1 at 2022-07-11 18:31:57 +0530
Processing by UsersController#show as */*
  Parameters: {"_username"=>"usertwo"}
  [1m[36mUser Load (0.2ms)[0m  [1m[34mSELECT "users".* FROM "users" WHERE "users"."id" = $1 LIMIT $2[0m  [["id", 4], ["LIMIT", 1]]
  ↳ app/controllers/application_controller.rb:11:in `authorize_request'
  [1m[36mUser Load (0.1ms)[0m  [1m[34mSELECT "users".* FROM "users" WHERE "users"."username" = $1 LIMIT $2[0m  [["username", "usertwo"], ["LIMIT", 1]]
  ↳ app/controllers/users_controller.rb:43:in `find_user'
Completed 200 OK in 3ms (Views: 0.2ms | ActiveRecord: 0.3ms | Allocations: 1536)


Started GET "/users" for ::1 at 2022-07-11 18:32:27 +0530
Processing by UsersController#index as */*
  [1m[36mUser Load (0.2ms)[0m  [1m[34mSELECT "users".* FROM "users" WHERE "users"."id" = $1 LIMIT $2[0m  [["id", 4], ["LIMIT", 1]]
  ↳ app/controllers/application_controller.rb:11:in `authorize_request'
  [1m[36mUser Load (0.1ms)[0m  [1m[34mSELECT "users".* FROM "users"[0m
  ↳ app/controllers/users_controller.rb:8:in `index'
Completed 200 OK in 2ms (Views: 0.8ms | ActiveRecord: 0.3ms | Allocations: 1564)


